This is pdfTeX, Version 3.1415926-2.5-1.40.14 (MiKTeX 2.9) (preloaded format=pdflatex 2014.8.14)  25 JAN 2015 14:16
entering extended mode
**C:/Users/Matthew/Documents/Matthew/Stanford/FACET/ODR_data_figs.tex
(C:/Users/Matthew/Documents/Matthew/Stanford/FACET/ODR_data_figs.tex
LaTeX2e <2011/06/27>
Babel <v3.8m> and hyphenation patterns for english, afrikaans, ancientgreek, ar
abic, armenian, assamese, basque, bengali, bokmal, bulgarian, catalan, coptic, 
croatian, czech, danish, dutch, esperanto, estonian, farsi, finnish, french, ga
lician, german, german-x-2013-05-26, greek, gujarati, hindi, hungarian, iceland
ic, indonesian, interlingua, irish, italian, kannada, kurmanji, latin, latvian,
 lithuanian, malayalam, marathi, mongolian, mongolianlmc, monogreek, ngerman, n
german-x-2013-05-26, nynorsk, oriya, panjabi, pinyin, polish, portuguese, roman
ian, russian, sanskrit, serbian, slovak, slovenian, spanish, swedish, swissgerm
an, tamil, telugu, turkish, turkmen, ukenglish, ukrainian, uppersorbian, usengl
ishmax, welsh, loaded.
("C:\Program Files (x86)\MiKTeX 2.9\tex\latex\base\article.cls"
Document Class: article 2007/10/19 v1.4h Standard LaTeX document class
("C:\Program Files (x86)\MiKTeX 2.9\tex\latex\base\size12.clo"
File: size12.clo 2007/10/19 v1.4h Standard LaTeX file (size option)
)
\c@part=\count79
\c@section=\count80
\c@subsection=\count81
\c@subsubsection=\count82
\c@paragraph=\count83
\c@subparagraph=\count84
\c@figure=\count85
\c@table=\count86
\abovecaptionskip=\skip41
\belowcaptionskip=\skip42
\bibindent=\dimen102
)
("C:\Program Files (x86)\MiKTeX 2.9\tex\latex\graphics\graphicx.sty"
Package: graphicx 1999/02/16 v1.0f Enhanced LaTeX Graphics (DPC,SPQR)

("C:\Program Files (x86)\MiKTeX 2.9\tex\latex\graphics\keyval.sty"
Package: keyval 1999/03/16 v1.13 key=value parser (DPC)
\KV@toks@=\toks14
)
("C:\Program Files (x86)\MiKTeX 2.9\tex\latex\graphics\graphics.sty"
Package: graphics 2009/02/05 v1.0o Standard LaTeX Graphics (DPC,SPQR)

("C:\Program Files (x86)\MiKTeX 2.9\tex\latex\graphics\trig.sty"
Package: trig 1999/03/16 v1.09 sin cos tan (DPC)
)
("C:\Program Files (x86)\MiKTeX 2.9\tex\latex\00miktex\graphics.cfg"
File: graphics.cfg 2007/01/18 v1.5 graphics configuration of teTeX/TeXLive
)
Package graphics Info: Driver file: pdftex.def on input line 91.

("C:\Program Files (x86)\MiKTeX 2.9\tex\latex\pdftex-def\pdftex.def"
File: pdftex.def 2011/05/27 v0.06d Graphics/color for pdfTeX

("C:\Program Files (x86)\MiKTeX 2.9\tex\generic\oberdiek\infwarerr.sty"
Package: infwarerr 2010/04/08 v1.3 Providing info/warning/error messages (HO)
)
("C:\Program Files (x86)\MiKTeX 2.9\tex\generic\oberdiek\ltxcmds.sty"
Package: ltxcmds 2011/11/09 v1.22 LaTeX kernel commands for general use (HO)
)
\Gread@gobject=\count87
))
\Gin@req@height=\dimen103
\Gin@req@width=\dimen104
)
("C:\Program Files (x86)\MiKTeX 2.9\tex\latex\preprint\fullpage.sty"
Package: fullpage 1999/02/23 1.1 (PWD)
\FP@margin=\skip43
)
("C:\Program Files (x86)\MiKTeX 2.9\tex\latex\amsmath\amsmath.sty"
Package: amsmath 2013/01/14 v2.14 AMS math features
\@mathmargin=\skip44

For additional information on amsmath, use the `?' option.
("C:\Program Files (x86)\MiKTeX 2.9\tex\latex\amsmath\amstext.sty"
Package: amstext 2000/06/29 v2.01

("C:\Program Files (x86)\MiKTeX 2.9\tex\latex\amsmath\amsgen.sty"
File: amsgen.sty 1999/11/30 v2.0
\@emptytoks=\toks15
\ex@=\dimen105
))
("C:\Program Files (x86)\MiKTeX 2.9\tex\latex\amsmath\amsbsy.sty"
Package: amsbsy 1999/11/29 v1.2d
\pmbraise@=\dimen106
)
("C:\Program Files (x86)\MiKTeX 2.9\tex\latex\amsmath\amsopn.sty"
Package: amsopn 1999/12/14 v2.01 operator names
)
\inf@bad=\count88
LaTeX Info: Redefining \frac on input line 210.
\uproot@=\count89
\leftroot@=\count90
LaTeX Info: Redefining \overline on input line 306.
\classnum@=\count91
\DOTSCASE@=\count92
LaTeX Info: Redefining \ldots on input line 378.
LaTeX Info: Redefining \dots on input line 381.
LaTeX Info: Redefining \cdots on input line 466.
\Mathstrutbox@=\box26
\strutbox@=\box27
\big@size=\dimen107
LaTeX Font Info:    Redeclaring font encoding OML on input line 566.
LaTeX Font Info:    Redeclaring font encoding OMS on input line 567.
\macc@depth=\count93
\c@MaxMatrixCols=\count94
\dotsspace@=\muskip10
\c@parentequation=\count95
\dspbrk@lvl=\count96
\tag@help=\toks16
\row@=\count97
\column@=\count98
\maxfields@=\count99
\andhelp@=\toks17
\eqnshift@=\dimen108
\alignsep@=\dimen109
\tagshift@=\dimen110
\tagwidth@=\dimen111
\totwidth@=\dimen112
\lineht@=\dimen113
\@envbody=\toks18
\multlinegap=\skip45
\multlinetaggap=\skip46
\mathdisplay@stack=\toks19
LaTeX Info: Redefining \[ on input line 2665.
LaTeX Info: Redefining \] on input line 2666.
)
("C:\Program Files (x86)\MiKTeX 2.9\tex\latex\tools\enumerate.sty"
Package: enumerate 1999/03/05 v3.00 enumerate extensions (DPC)
\@enLab=\toks20
)
("C:\Program Files (x86)\MiKTeX 2.9\tex\latex\ltxmisc\here.sty")
("C:\Program Files (x86)\MiKTeX 2.9\tex\latex\was\gensymb.sty"
Package: gensymb 2003/07/02 v1.0 (WaS)
)
(C:\Users\Matthew\Documents\Matthew\Stanford\FACET\ODR_data_figs.aux)
LaTeX Font Info:    Checking defaults for OML/cmm/m/it on input line 9.
LaTeX Font Info:    ... okay on input line 9.
LaTeX Font Info:    Checking defaults for T1/cmr/m/n on input line 9.
LaTeX Font Info:    ... okay on input line 9.
LaTeX Font Info:    Checking defaults for OT1/cmr/m/n on input line 9.
LaTeX Font Info:    ... okay on input line 9.
LaTeX Font Info:    Checking defaults for OMS/cmsy/m/n on input line 9.
LaTeX Font Info:    ... okay on input line 9.
LaTeX Font Info:    Checking defaults for OMX/cmex/m/n on input line 9.
LaTeX Font Info:    ... okay on input line 9.
LaTeX Font Info:    Checking defaults for U/cmr/m/n on input line 9.
LaTeX Font Info:    ... okay on input line 9.

("C:\Program Files (x86)\MiKTeX 2.9\tex\context\base\supp-pdf.mkii"
[Loading MPS to PDF converter (version 2006.09.02).]
\scratchcounter=\count100
\scratchdimen=\dimen114
\scratchbox=\box28
\nofMPsegments=\count101
\nofMParguments=\count102
\everyMPshowfont=\toks21
\MPscratchCnt=\count103
\MPscratchDim=\dimen115
\MPnumerator=\count104
\makeMPintoPDFobject=\count105
\everyMPtoPDFconversion=\toks22
)
LaTeX Info: Redefining \celsius on input line 9.
Package gensymb Info: Faking symbols for \degree and \celsius on input line 9.


Package gensymb Warning: Not defining \perthousand.

LaTeX Info: Redefining \ohm on input line 9.
Package gensymb Info: Using \Omega for \ohm on input line 9.

Package gensymb Warning: Not defining \micro.

<Figures/Total_Intensity.PNG, id=1, 578.16pt x 433.62pt>
File: Figures/Total_Intensity.PNG Graphic file (type png)

<use Figures/Total_Intensity.PNG>
Package pdftex.def Info: Figures/Total_Intensity.PNG used on input line 16.
(pdftex.def)             Requested size: 289.07928pt x 216.80946pt.

<Figures/PeakY_ODR.PNG, id=2, 578.16pt x 433.62pt>
File: Figures/PeakY_ODR.PNG Graphic file (type png)
 <use Figures/PeakY_ODR.PNG>
Package pdftex.def Info: Figures/PeakY_ODR.PNG used on input line 23.
(pdftex.def)             Requested size: 289.07928pt x 216.80946pt.

<Figures/XProj_ODR.PNG, id=3, 578.16pt x 433.62pt>
File: Figures/XProj_ODR.PNG Graphic file (type png)
 <use Figures/XProj_ODR.PNG>
Package pdftex.def Info: Figures/XProj_ODR.PNG used on input line 30.
(pdftex.def)             Requested size: 289.07928pt x 216.80946pt.

<Figures/XProj_Norm_ODR.PNG, id=4, 578.16pt x 433.62pt>
File: Figures/XProj_Norm_ODR.PNG Graphic file (type png)

<use Figures/XProj_Norm_ODR.PNG>
Package pdftex.def Info: Figures/XProj_Norm_ODR.PNG used on input line 37.
(pdftex.def)             Requested size: 289.07928pt x 216.80946pt.
 [1{C:/ProgramData/MiKTeX/2.9/pdftex/config/pdftex.map}

 <C:/Users/Matthew/Documents/Matthew/Stanford/FACET/Figures/Total_Intensity.PNG
 (PNG copy)>] [2 <C:/Users/Matthew/Documents/Matthew/Stanford/FACET/Figures/Pea
kY_ODR.PNG (PNG copy)> <C:/Users/Matthew/Documents/Matthew/Stanford/FACET/Figur
es/XProj_ODR.PNG (PNG copy)>]
<Figures/PixelSum_ODR_0.PNG, id=14, 578.16pt x 433.62pt>
File: Figures/PixelSum_ODR_0.PNG Graphic file (type png)

<use Figures/PixelSum_ODR_0.PNG>
Package pdftex.def Info: Figures/PixelSum_ODR_0.PNG used on input line 51.
(pdftex.def)             Requested size: 289.07928pt x 216.80946pt.

<Figures/PixelSum_OTR_0.PNG, id=15, 578.16pt x 433.62pt>
File: Figures/PixelSum_OTR_0.PNG Graphic file (type png)

<use Figures/PixelSum_OTR_0.PNG>
Package pdftex.def Info: Figures/PixelSum_OTR_0.PNG used on input line 52.
(pdftex.def)             Requested size: 289.07928pt x 216.80946pt.

<Figures/PixelSum_ODR_320.PNG, id=16, 578.16pt x 433.62pt>
File: Figures/PixelSum_ODR_320.PNG Graphic file (type png)

<use Figures/PixelSum_ODR_320.PNG>
Package pdftex.def Info: Figures/PixelSum_ODR_320.PNG used on input line 59.
(pdftex.def)             Requested size: 289.07928pt x 216.80946pt.

<Figures/PixelSum_OTR_320.PNG, id=17, 578.16pt x 433.62pt>
File: Figures/PixelSum_OTR_320.PNG Graphic file (type png)

<use Figures/PixelSum_OTR_320.PNG>
Package pdftex.def Info: Figures/PixelSum_OTR_320.PNG used on input line 60.
(pdftex.def)             Requested size: 289.07928pt x 216.80946pt.

<Figures/PixelSum_ODR_370.PNG, id=18, 578.16pt x 433.62pt>
File: Figures/PixelSum_ODR_370.PNG Graphic file (type png)

<use Figures/PixelSum_ODR_370.PNG>
Package pdftex.def Info: Figures/PixelSum_ODR_370.PNG used on input line 67.
(pdftex.def)             Requested size: 289.07928pt x 216.80946pt.

<Figures/PixelSum_OTR_370.PNG, id=19, 578.16pt x 433.62pt>
File: Figures/PixelSum_OTR_370.PNG Graphic file (type png)

<use Figures/PixelSum_OTR_370.PNG>
Package pdftex.def Info: Figures/PixelSum_OTR_370.PNG used on input line 68.
(pdftex.def)             Requested size: 289.07928pt x 216.80946pt.

<Figures/PixelSum_ODR_420.PNG, id=20, 578.16pt x 433.62pt>
File: Figures/PixelSum_ODR_420.PNG Graphic file (type png)

<use Figures/PixelSum_ODR_420.PNG>
Package pdftex.def Info: Figures/PixelSum_ODR_420.PNG used on input line 75.
(pdftex.def)             Requested size: 289.07928pt x 216.80946pt.

<Figures/PixelSum_OTR_420.PNG, id=21, 578.16pt x 433.62pt>
File: Figures/PixelSum_OTR_420.PNG Graphic file (type png)

<use Figures/PixelSum_OTR_420.PNG>
Package pdftex.def Info: Figures/PixelSum_OTR_420.PNG used on input line 76.
(pdftex.def)             Requested size: 289.07928pt x 216.80946pt.

<Figures/PixelSum_ODR_470.PNG, id=22, 578.16pt x 433.62pt>
File: Figures/PixelSum_ODR_470.PNG Graphic file (type png)

<use Figures/PixelSum_ODR_470.PNG>
Package pdftex.def Info: Figures/PixelSum_ODR_470.PNG used on input line 83.
(pdftex.def)             Requested size: 289.07928pt x 216.80946pt.

<Figures/PixelSum_OTR_470.PNG, id=23, 578.16pt x 433.62pt>
File: Figures/PixelSum_OTR_470.PNG Graphic file (type png)

<use Figures/PixelSum_OTR_470.PNG>
Package pdftex.def Info: Figures/PixelSum_OTR_470.PNG used on input line 84.
(pdftex.def)             Requested size: 289.07928pt x 216.80946pt.

<Figures/PixelSum_ODR_520.PNG, id=24, 578.16pt x 433.62pt>
File: Figures/PixelSum_ODR_520.PNG Graphic file (type png)

<use Figures/PixelSum_ODR_520.PNG>
Package pdftex.def Info: Figures/PixelSum_ODR_520.PNG used on input line 91.
(pdftex.def)             Requested size: 289.07928pt x 216.80946pt.

<Figures/PixelSum_OTR_520.PNG, id=25, 578.16pt x 433.62pt>
File: Figures/PixelSum_OTR_520.PNG Graphic file (type png)

<use Figures/PixelSum_OTR_520.PNG>
Package pdftex.def Info: Figures/PixelSum_OTR_520.PNG used on input line 92.
(pdftex.def)             Requested size: 289.07928pt x 216.80946pt.

<Figures/PixelSum_ODR_570.PNG, id=26, 578.16pt x 433.62pt>
File: Figures/PixelSum_ODR_570.PNG Graphic file (type png)

<use Figures/PixelSum_ODR_570.PNG>
Package pdftex.def Info: Figures/PixelSum_ODR_570.PNG used on input line 99.
(pdftex.def)             Requested size: 289.07928pt x 216.80946pt.

<Figures/PixelSum_OTR_570.PNG, id=27, 578.16pt x 433.62pt>
File: Figures/PixelSum_OTR_570.PNG Graphic file (type png)

<use Figures/PixelSum_OTR_570.PNG>
Package pdftex.def Info: Figures/PixelSum_OTR_570.PNG used on input line 100.
(pdftex.def)             Requested size: 289.07928pt x 216.80946pt.

<Figures/ProjX_ODR_0.PNG, id=28, 578.16pt x 433.62pt>
File: Figures/ProjX_ODR_0.PNG Graphic file (type png)

<use Figures/ProjX_ODR_0.PNG>
Package pdftex.def Info: Figures/ProjX_ODR_0.PNG used on input line 115.
(pdftex.def)             Requested size: 289.07928pt x 216.80946pt.

<Figures/ProjX_OTR_0.PNG, id=29, 578.16pt x 433.62pt>
File: Figures/ProjX_OTR_0.PNG Graphic file (type png)

<use Figures/ProjX_OTR_0.PNG>
Package pdftex.def Info: Figures/ProjX_OTR_0.PNG used on input line 116.
(pdftex.def)             Requested size: 289.07928pt x 216.80946pt.

<Figures/ProjX_ODR_320.PNG, id=30, 578.16pt x 433.62pt>
File: Figures/ProjX_ODR_320.PNG Graphic file (type png)

<use Figures/ProjX_ODR_320.PNG>
Package pdftex.def Info: Figures/ProjX_ODR_320.PNG used on input line 123.
(pdftex.def)             Requested size: 289.07928pt x 216.80946pt.

<Figures/ProjX_OTR_320.PNG, id=31, 578.16pt x 433.62pt>
File: Figures/ProjX_OTR_320.PNG Graphic file (type png)

<use Figures/ProjX_OTR_320.PNG>
Package pdftex.def Info: Figures/ProjX_OTR_320.PNG used on input line 124.
(pdftex.def)             Requested size: 289.07928pt x 216.80946pt.

<Figures/ProjX_ODR_370.PNG, id=32, 578.16pt x 433.62pt>
File: Figures/ProjX_ODR_370.PNG Graphic file (type png)

<use Figures/ProjX_ODR_370.PNG>
Package pdftex.def Info: Figures/ProjX_ODR_370.PNG used on input line 131.
(pdftex.def)             Requested size: 289.07928pt x 216.80946pt.

<Figures/ProjX_OTR_370.PNG, id=33, 578.16pt x 433.62pt>
File: Figures/ProjX_OTR_370.PNG Graphic file (type png)

<use Figures/ProjX_OTR_370.PNG>
Package pdftex.def Info: Figures/ProjX_OTR_370.PNG used on input line 132.
(pdftex.def)             Requested size: 289.07928pt x 216.80946pt.

<Figures/ProjX_ODR_420.PNG, id=34, 578.16pt x 433.62pt>
File: Figures/ProjX_ODR_420.PNG Graphic file (type png)

<use Figures/ProjX_ODR_420.PNG>
Package pdftex.def Info: Figures/ProjX_ODR_420.PNG used on input line 139.
(pdftex.def)             Requested size: 289.07928pt x 216.80946pt.

<Figures/ProjX_OTR_420.PNG, id=35, 578.16pt x 433.62pt>
File: Figures/ProjX_OTR_420.PNG Graphic file (type png)

<use Figures/ProjX_OTR_420.PNG>
Package pdftex.def Info: Figures/ProjX_OTR_420.PNG used on input line 140.
(pdftex.def)             Requested size: 289.07928pt x 216.80946pt.

<Figures/ProjX_ODR_470.PNG, id=36, 578.16pt x 433.62pt>
File: Figures/ProjX_ODR_470.PNG Graphic file (type png)

<use Figures/ProjX_ODR_470.PNG>
Package pdftex.def Info: Figures/ProjX_ODR_470.PNG used on input line 147.
(pdftex.def)             Requested size: 289.07928pt x 216.80946pt.

<Figures/ProjX_OTR_470.PNG, id=37, 578.16pt x 433.62pt>
File: Figures/ProjX_OTR_470.PNG Graphic file (type png)

<use Figures/ProjX_OTR_470.PNG>
Package pdftex.def Info: Figures/ProjX_OTR_470.PNG used on input line 148.
(pdftex.def)             Requested size: 289.07928pt x 216.80946pt.

<Figures/ProjX_ODR_520.PNG, id=38, 578.16pt x 433.62pt>
File: Figures/ProjX_ODR_520.PNG Graphic file (type png)

<use Figures/ProjX_ODR_520.PNG>
Package pdftex.def Info: Figures/ProjX_ODR_520.PNG used on input line 155.
(pdftex.def)             Requested size: 289.07928pt x 216.80946pt.

<Figures/ProjX_OTR_520.PNG, id=39, 578.16pt x 433.62pt>
File: Figures/ProjX_OTR_520.PNG Graphic file (type png)

<use Figures/ProjX_OTR_520.PNG>
Package pdftex.def Info: Figures/ProjX_OTR_520.PNG used on input line 156.
(pdftex.def)             Requested size: 289.07928pt x 216.80946pt.

<Figures/ProjX_ODR_570.PNG, id=40, 578.16pt x 433.62pt>
File: Figures/ProjX_ODR_570.PNG Graphic file (type png)

<use Figures/ProjX_ODR_570.PNG>
Package pdftex.def Info: Figures/ProjX_ODR_570.PNG used on input line 163.
(pdftex.def)             Requested size: 289.07928pt x 216.80946pt.

<Figures/ProjX_OTR_570.PNG, id=41, 578.16pt x 433.62pt>
File: Figures/ProjX_OTR_570.PNG Graphic file (type png)

<use Figures/ProjX_OTR_570.PNG>
Package pdftex.def Info: Figures/ProjX_OTR_570.PNG used on input line 164.
(pdftex.def)             Requested size: 289.07928pt x 216.80946pt.
 [3 <C:/Users/Matthew/Documents/Matthew/Stanford/FACET/Figures/XProj_Norm_ODR.P
NG (PNG copy)>] [4 <C:/Users/Matthew/Documents/Matthew/Stanford/FACET/Figures/P
ixelSum_ODR_0.PNG (PNG copy)> <C:/Users/Matthew/Documents/Matthew/Stanford/FACE
T/Figures/PixelSum_OTR_0.PNG (PNG copy)>]
[5 <C:/Users/Matthew/Documents/Matthew/Stanford/FACET/Figures/PixelSum_ODR_320.
PNG (PNG copy)> <C:/Users/Matthew/Documents/Matthew/Stanford/FACET/Figures/Pixe
lSum_OTR_320.PNG (PNG copy)>] [6 <C:/Users/Matthew/Documents/Matthew/Stanford/F
ACET/Figures/PixelSum_ODR_370.PNG (PNG copy)> <C:/Users/Matthew/Documents/Matth
ew/Stanford/FACET/Figures/PixelSum_OTR_370.PNG (PNG copy)>] [7 <C:/Users/Matthe
w/Documents/Matthew/Stanford/FACET/Figures/PixelSum_ODR_420.PNG (PNG copy)> <C:
/Users/Matthew/Documents/Matthew/Stanford/FACET/Figures/PixelSum_OTR_420.PNG (P
NG copy)>] [8 <C:/Users/Matthew/Documents/Matthew/Stanford/FACET/Figures/PixelS
um_ODR_470.PNG (PNG copy)> <C:/Users/Matthew/Documents/Matthew/Stanford/FACET/F
igures/PixelSum_OTR_470.PNG (PNG copy)>] [9 <C:/Users/Matthew/Documents/Matthew
/Stanford/FACET/Figures/PixelSum_ODR_520.PNG (PNG copy)> <C:/Users/Matthew/Docu
ments/Matthew/Stanford/FACET/Figures/PixelSum_OTR_520.PNG (PNG copy)>] [10 <C:/
Users/Matthew/Documents/Matthew/Stanford/FACET/Figures/PixelSum_ODR_570.PNG (PN
G copy)> <C:/Users/Matthew/Documents/Matthew/Stanford/FACET/Figures/PixelSum_OT
R_570.PNG (PNG copy)>] [11 <C:/Users/Matthew/Documents/Matthew/Stanford/FACET/F
igures/ProjX_ODR_0.PNG (PNG copy)> <C:/Users/Matthew/Documents/Matthew/Stanford
/FACET/Figures/ProjX_OTR_0.PNG (PNG copy)>] [12 <C:/Users/Matthew/Documents/Mat
thew/Stanford/FACET/Figures/ProjX_ODR_320.PNG (PNG copy)> <C:/Users/Matthew/Doc
uments/Matthew/Stanford/FACET/Figures/ProjX_OTR_320.PNG (PNG copy)>] [13 <C:/Us
ers/Matthew/Documents/Matthew/Stanford/FACET/Figures/ProjX_ODR_370.PNG (PNG cop
y)> <C:/Users/Matthew/Documents/Matthew/Stanford/FACET/Figures/ProjX_OTR_370.PN
G (PNG copy)>] [14 <C:/Users/Matthew/Documents/Matthew/Stanford/FACET/Figures/P
rojX_ODR_420.PNG (PNG copy)> <C:/Users/Matthew/Documents/Matthew/Stanford/FACET
/Figures/ProjX_OTR_420.PNG (PNG copy)>] [15 <C:/Users/Matthew/Documents/Matthew
/Stanford/FACET/Figures/ProjX_ODR_470.PNG (PNG copy)> <C:/Users/Matthew/Documen
ts/Matthew/Stanford/FACET/Figures/ProjX_OTR_470.PNG (PNG copy)>] [16 <C:/Users/
Matthew/Documents/Matthew/Stanford/FACET/Figures/ProjX_ODR_520.PNG (PNG copy)> 
<C:/Users/Matthew/Documents/Matthew/Stanford/FACET/Figures/ProjX_OTR_520.PNG (P
NG copy)>] [17 <C:/Users/Matthew/Documents/Matthew/Stanford/FACET/Figures/ProjX
_ODR_570.PNG (PNG copy)> <C:/Users/Matthew/Documents/Matthew/Stanford/FACET/Fig
ures/ProjX_OTR_570.PNG (PNG copy)>]
<Figures/ProjY_ODR_0.PNG, id=89, 578.16pt x 433.62pt>
File: Figures/ProjY_ODR_0.PNG Graphic file (type png)

<use Figures/ProjY_ODR_0.PNG>
Package pdftex.def Info: Figures/ProjY_ODR_0.PNG used on input line 179.
(pdftex.def)             Requested size: 289.07928pt x 216.80946pt.

<Figures/ProjY_OTR_0.PNG, id=90, 578.16pt x 433.62pt>
File: Figures/ProjY_OTR_0.PNG Graphic file (type png)

<use Figures/ProjY_OTR_0.PNG>
Package pdftex.def Info: Figures/ProjY_OTR_0.PNG used on input line 180.
(pdftex.def)             Requested size: 289.07928pt x 216.80946pt.

<Figures/ProjY_ODR_320.PNG, id=91, 578.16pt x 433.62pt>
File: Figures/ProjY_ODR_320.PNG Graphic file (type png)

<use Figures/ProjY_ODR_320.PNG>
Package pdftex.def Info: Figures/ProjY_ODR_320.PNG used on input line 187.
(pdftex.def)             Requested size: 289.07928pt x 216.80946pt.

<Figures/ProjY_OTR_320.PNG, id=92, 578.16pt x 433.62pt>
File: Figures/ProjY_OTR_320.PNG Graphic file (type png)

<use Figures/ProjY_OTR_320.PNG>
Package pdftex.def Info: Figures/ProjY_OTR_320.PNG used on input line 188.
(pdftex.def)             Requested size: 289.07928pt x 216.80946pt.

<Figures/ProjY_ODR_370.PNG, id=93, 578.16pt x 433.62pt>
File: Figures/ProjY_ODR_370.PNG Graphic file (type png)

<use Figures/ProjY_ODR_370.PNG>
Package pdftex.def Info: Figures/ProjY_ODR_370.PNG used on input line 195.
(pdftex.def)             Requested size: 289.07928pt x 216.80946pt.

<Figures/ProjY_OTR_370.PNG, id=94, 578.16pt x 433.62pt>
File: Figures/ProjY_OTR_370.PNG Graphic file (type png)

<use Figures/ProjY_OTR_370.PNG>
Package pdftex.def Info: Figures/ProjY_OTR_370.PNG used on input line 196.
(pdftex.def)             Requested size: 289.07928pt x 216.80946pt.

<Figures/ProjY_ODR_420.PNG, id=95, 578.16pt x 433.62pt>
File: Figures/ProjY_ODR_420.PNG Graphic file (type png)

<use Figures/ProjY_ODR_420.PNG>
Package pdftex.def Info: Figures/ProjY_ODR_420.PNG used on input line 203.
(pdftex.def)             Requested size: 289.07928pt x 216.80946pt.

<Figures/ProjY_OTR_420.PNG, id=96, 578.16pt x 433.62pt>
File: Figures/ProjY_OTR_420.PNG Graphic file (type png)

<use Figures/ProjY_OTR_420.PNG>
Package pdftex.def Info: Figures/ProjY_OTR_420.PNG used on input line 204.
(pdftex.def)             Requested size: 289.07928pt x 216.80946pt.

<Figures/ProjY_ODR_470.PNG, id=97, 578.16pt x 433.62pt>
File: Figures/ProjY_ODR_470.PNG Graphic file (type png)

<use Figures/ProjY_ODR_470.PNG>
Package pdftex.def Info: Figures/ProjY_ODR_470.PNG used on input line 211.
(pdftex.def)             Requested size: 289.07928pt x 216.80946pt.

<Figures/ProjY_OTR_470.PNG, id=98, 578.16pt x 433.62pt>
File: Figures/ProjY_OTR_470.PNG Graphic file (type png)

<use Figures/ProjY_OTR_470.PNG>
Package pdftex.def Info: Figures/ProjY_OTR_470.PNG used on input line 212.
(pdftex.def)             Requested size: 289.07928pt x 216.80946pt.

<Figures/ProjY_ODR_520.PNG, id=99, 578.16pt x 433.62pt>
File: Figures/ProjY_ODR_520.PNG Graphic file (type png)

<use Figures/ProjY_ODR_520.PNG>
Package pdftex.def Info: Figures/ProjY_ODR_520.PNG used on input line 219.
(pdftex.def)             Requested size: 289.07928pt x 216.80946pt.

<Figures/ProjY_OTR_520.PNG, id=100, 578.16pt x 433.62pt>
File: Figures/ProjY_OTR_520.PNG Graphic file (type png)

<use Figures/ProjY_OTR_520.PNG>
Package pdftex.def Info: Figures/ProjY_OTR_520.PNG used on input line 220.
(pdftex.def)             Requested size: 289.07928pt x 216.80946pt.

<Figures/ProjY_ODR_570.PNG, id=101, 578.16pt x 433.62pt>
File: Figures/ProjY_ODR_570.PNG Graphic file (type png)

<use Figures/ProjY_ODR_570.PNG>
Package pdftex.def Info: Figures/ProjY_ODR_570.PNG used on input line 227.
(pdftex.def)             Requested size: 289.07928pt x 216.80946pt.

<Figures/ProjY_OTR_570.PNG, id=102, 578.16pt x 433.62pt>
File: Figures/ProjY_OTR_570.PNG Graphic file (type png)

<use Figures/ProjY_OTR_570.PNG>
Package pdftex.def Info: Figures/ProjY_OTR_570.PNG used on input line 228.
(pdftex.def)             Requested size: 289.07928pt x 216.80946pt.
 [18] [19 <C:/Users/Matthew/Documents/Matthew/Stanford/FACET/Figures/ProjY_ODR_
0.PNG (PNG copy)> <C:/Users/Matthew/Documents/Matthew/Stanford/FACET/Figures/Pr
ojY_OTR_0.PNG (PNG copy)>] [20 <C:/Users/Matthew/Documents/Matthew/Stanford/FAC
ET/Figures/ProjY_ODR_320.PNG (PNG copy)> <C:/Users/Matthew/Documents/Matthew/St
anford/FACET/Figures/ProjY_OTR_320.PNG (PNG copy)>] [21 <C:/Users/Matthew/Docum
ents/Matthew/Stanford/FACET/Figures/ProjY_ODR_370.PNG (PNG copy)> <C:/Users/Mat
thew/Documents/Matthew/Stanford/FACET/Figures/ProjY_OTR_370.PNG (PNG copy)>] [2
2 <C:/Users/Matthew/Documents/Matthew/Stanford/FACET/Figures/ProjY_ODR_420.PNG 
(PNG copy)> <C:/Users/Matthew/Documents/Matthew/Stanford/FACET/Figures/ProjY_OT
R_420.PNG (PNG copy)>] [23 <C:/Users/Matthew/Documents/Matthew/Stanford/FACET/F
igures/ProjY_ODR_470.PNG (PNG copy)> <C:/Users/Matthew/Documents/Matthew/Stanfo
rd/FACET/Figures/ProjY_OTR_470.PNG (PNG copy)>]
[24 <C:/Users/Matthew/Documents/Matthew/Stanford/FACET/Figures/ProjY_ODR_520.PN
G (PNG copy)> <C:/Users/Matthew/Documents/Matthew/Stanford/FACET/Figures/ProjY_
OTR_520.PNG (PNG copy)>] [25 <C:/Users/Matthew/Documents/Matthew/Stanford/FACET
/Figures/ProjY_ODR_570.PNG (PNG copy)> <C:/Users/Matthew/Documents/Matthew/Stan
ford/FACET/Figures/ProjY_OTR_570.PNG (PNG copy)>]
<Figures/ProjX_wfall_ODR_0.PNG, id=129, 578.16pt x 433.62pt>
File: Figures/ProjX_wfall_ODR_0.PNG Graphic file (type png)

<use Figures/ProjX_wfall_ODR_0.PNG>
Package pdftex.def Info: Figures/ProjX_wfall_ODR_0.PNG used on input line 243.
(pdftex.def)             Requested size: 289.07928pt x 216.80946pt.

<Figures/ProjX_wfall_OTR_0.PNG, id=130, 578.16pt x 433.62pt>
File: Figures/ProjX_wfall_OTR_0.PNG Graphic file (type png)

<use Figures/ProjX_wfall_OTR_0.PNG>
Package pdftex.def Info: Figures/ProjX_wfall_OTR_0.PNG used on input line 244.
(pdftex.def)             Requested size: 289.07928pt x 216.80946pt.

<Figures/ProjX_wfall_ODR_320.PNG, id=131, 578.16pt x 433.62pt>
File: Figures/ProjX_wfall_ODR_320.PNG Graphic file (type png)

<use Figures/ProjX_wfall_ODR_320.PNG>
Package pdftex.def Info: Figures/ProjX_wfall_ODR_320.PNG used on input line 251
.
(pdftex.def)             Requested size: 289.07928pt x 216.80946pt.

<Figures/ProjX_wfall_OTR_320.PNG, id=132, 578.16pt x 433.62pt>
File: Figures/ProjX_wfall_OTR_320.PNG Graphic file (type png)

<use Figures/ProjX_wfall_OTR_320.PNG>
Package pdftex.def Info: Figures/ProjX_wfall_OTR_320.PNG used on input line 252
.
(pdftex.def)             Requested size: 289.07928pt x 216.80946pt.

<Figures/ProjX_wfall_ODR_370.PNG, id=133, 578.16pt x 433.62pt>
File: Figures/ProjX_wfall_ODR_370.PNG Graphic file (type png)

<use Figures/ProjX_wfall_ODR_370.PNG>
Package pdftex.def Info: Figures/ProjX_wfall_ODR_370.PNG used on input line 259
.
(pdftex.def)             Requested size: 289.07928pt x 216.80946pt.

<Figures/ProjX_wfall_OTR_370.PNG, id=134, 578.16pt x 433.62pt>
File: Figures/ProjX_wfall_OTR_370.PNG Graphic file (type png)

<use Figures/ProjX_wfall_OTR_370.PNG>
Package pdftex.def Info: Figures/ProjX_wfall_OTR_370.PNG used on input line 260
.
(pdftex.def)             Requested size: 289.07928pt x 216.80946pt.

<Figures/ProjX_wfall_ODR_420.PNG, id=135, 578.16pt x 433.62pt>
File: Figures/ProjX_wfall_ODR_420.PNG Graphic file (type png)

<use Figures/ProjX_wfall_ODR_420.PNG>
Package pdftex.def Info: Figures/ProjX_wfall_ODR_420.PNG used on input line 267
.
(pdftex.def)             Requested size: 289.07928pt x 216.80946pt.

<Figures/ProjX_wfall_OTR_420.PNG, id=136, 578.16pt x 433.62pt>
File: Figures/ProjX_wfall_OTR_420.PNG Graphic file (type png)

<use Figures/ProjX_wfall_OTR_420.PNG>
Package pdftex.def Info: Figures/ProjX_wfall_OTR_420.PNG used on input line 268
.
(pdftex.def)             Requested size: 289.07928pt x 216.80946pt.

<Figures/ProjX_wfall_ODR_470.PNG, id=137, 578.16pt x 433.62pt>
File: Figures/ProjX_wfall_ODR_470.PNG Graphic file (type png)

<use Figures/ProjX_wfall_ODR_470.PNG>
Package pdftex.def Info: Figures/ProjX_wfall_ODR_470.PNG used on input line 275
.
(pdftex.def)             Requested size: 289.07928pt x 216.80946pt.

<Figures/ProjX_wfall_OTR_470.PNG, id=138, 578.16pt x 433.62pt>
File: Figures/ProjX_wfall_OTR_470.PNG Graphic file (type png)

<use Figures/ProjX_wfall_OTR_470.PNG>
Package pdftex.def Info: Figures/ProjX_wfall_OTR_470.PNG used on input line 276
.
(pdftex.def)             Requested size: 289.07928pt x 216.80946pt.

<Figures/ProjX_wfall_ODR_520.PNG, id=139, 578.16pt x 433.62pt>
File: Figures/ProjX_wfall_ODR_520.PNG Graphic file (type png)

<use Figures/ProjX_wfall_ODR_520.PNG>
Package pdftex.def Info: Figures/ProjX_wfall_ODR_520.PNG used on input line 283
.
(pdftex.def)             Requested size: 289.07928pt x 216.80946pt.

<Figures/ProjX_wfall_OTR_520.PNG, id=140, 578.16pt x 433.62pt>
File: Figures/ProjX_wfall_OTR_520.PNG Graphic file (type png)

<use Figures/ProjX_wfall_OTR_520.PNG>
Package pdftex.def Info: Figures/ProjX_wfall_OTR_520.PNG used on input line 284
.
(pdftex.def)             Requested size: 289.07928pt x 216.80946pt.

<Figures/ProjX_wfall_ODR_570.PNG, id=141, 578.16pt x 433.62pt>
File: Figures/ProjX_wfall_ODR_570.PNG Graphic file (type png)

<use Figures/ProjX_wfall_ODR_570.PNG>
Package pdftex.def Info: Figures/ProjX_wfall_ODR_570.PNG used on input line 291
.
(pdftex.def)             Requested size: 289.07928pt x 216.80946pt.

<Figures/ProjX_wfall_OTR_570.PNG, id=142, 578.16pt x 433.62pt>
File: Figures/ProjX_wfall_OTR_570.PNG Graphic file (type png)

<use Figures/ProjX_wfall_OTR_570.PNG>
Package pdftex.def Info: Figures/ProjX_wfall_OTR_570.PNG used on input line 292
.
(pdftex.def)             Requested size: 289.07928pt x 216.80946pt.
 [26] [27 <C:/Users/Matthew/Documents/Matthew/Stanford/FACET/Figures/ProjX_wfal
l_ODR_0.PNG (PNG copy)> <C:/Users/Matthew/Documents/Matthew/Stanford/FACET/Figu
res/ProjX_wfall_OTR_0.PNG (PNG copy)>]
[28 <C:/Users/Matthew/Documents/Matthew/Stanford/FACET/Figures/ProjX_wfall_ODR_
320.PNG (PNG copy)> <C:/Users/Matthew/Documents/Matthew/Stanford/FACET/Figures/
ProjX_wfall_OTR_320.PNG (PNG copy)>] [29 <C:/Users/Matthew/Documents/Matthew/St
anford/FACET/Figures/ProjX_wfall_ODR_370.PNG (PNG copy)> <C:/Users/Matthew/Docu
ments/Matthew/Stanford/FACET/Figures/ProjX_wfall_OTR_370.PNG (PNG copy)>]
[30 <C:/Users/Matthew/Documents/Matthew/Stanford/FACET/Figures/ProjX_wfall_ODR_
420.PNG (PNG copy)> <C:/Users/Matthew/Documents/Matthew/Stanford/FACET/Figures/
ProjX_wfall_OTR_420.PNG (PNG copy)>] [31 <C:/Users/Matthew/Documents/Matthew/St
anford/FACET/Figures/ProjX_wfall_ODR_470.PNG (PNG copy)> <C:/Users/Matthew/Docu
ments/Matthew/Stanford/FACET/Figures/ProjX_wfall_OTR_470.PNG (PNG copy)>]
[32 <C:/Users/Matthew/Documents/Matthew/Stanford/FACET/Figures/ProjX_wfall_ODR_
520.PNG (PNG copy)> <C:/Users/Matthew/Documents/Matthew/Stanford/FACET/Figures/
ProjX_wfall_OTR_520.PNG (PNG copy)>] [33 <C:/Users/Matthew/Documents/Matthew/St
anford/FACET/Figures/ProjX_wfall_ODR_570.PNG (PNG copy)> <C:/Users/Matthew/Docu
ments/Matthew/Stanford/FACET/Figures/ProjX_wfall_OTR_570.PNG (PNG copy)>]
<Figures/ProjY_wfall_ODR_0.PNG, id=168, 578.16pt x 433.62pt>
File: Figures/ProjY_wfall_ODR_0.PNG Graphic file (type png)

<use Figures/ProjY_wfall_ODR_0.PNG>
Package pdftex.def Info: Figures/ProjY_wfall_ODR_0.PNG used on input line 307.
(pdftex.def)             Requested size: 289.07928pt x 216.80946pt.

<Figures/ProjY_wfall_OTR_0.PNG, id=169, 578.16pt x 433.62pt>
File: Figures/ProjY_wfall_OTR_0.PNG Graphic file (type png)

<use Figures/ProjY_wfall_OTR_0.PNG>
Package pdftex.def Info: Figures/ProjY_wfall_OTR_0.PNG used on input line 308.
(pdftex.def)             Requested size: 289.07928pt x 216.80946pt.

<Figures/ProjY_wfall_ODR_320.PNG, id=170, 578.16pt x 433.62pt>
File: Figures/ProjY_wfall_ODR_320.PNG Graphic file (type png)

<use Figures/ProjY_wfall_ODR_320.PNG>
Package pdftex.def Info: Figures/ProjY_wfall_ODR_320.PNG used on input line 315
.
(pdftex.def)             Requested size: 289.07928pt x 216.80946pt.

<Figures/ProjY_wfall_OTR_320.PNG, id=171, 578.16pt x 433.62pt>
File: Figures/ProjY_wfall_OTR_320.PNG Graphic file (type png)

<use Figures/ProjY_wfall_OTR_320.PNG>
Package pdftex.def Info: Figures/ProjY_wfall_OTR_320.PNG used on input line 316
.
(pdftex.def)             Requested size: 289.07928pt x 216.80946pt.

<Figures/ProjY_wfall_ODR_370.PNG, id=172, 578.16pt x 433.62pt>
File: Figures/ProjY_wfall_ODR_370.PNG Graphic file (type png)

<use Figures/ProjY_wfall_ODR_370.PNG>
Package pdftex.def Info: Figures/ProjY_wfall_ODR_370.PNG used on input line 323
.
(pdftex.def)             Requested size: 289.07928pt x 216.80946pt.

<Figures/ProjY_wfall_OTR_370.PNG, id=173, 578.16pt x 433.62pt>
File: Figures/ProjY_wfall_OTR_370.PNG Graphic file (type png)

<use Figures/ProjY_wfall_OTR_370.PNG>
Package pdftex.def Info: Figures/ProjY_wfall_OTR_370.PNG used on input line 324
.
(pdftex.def)             Requested size: 289.07928pt x 216.80946pt.

<Figures/ProjY_wfall_ODR_420.PNG, id=174, 578.16pt x 433.62pt>
File: Figures/ProjY_wfall_ODR_420.PNG Graphic file (type png)

<use Figures/ProjY_wfall_ODR_420.PNG>
Package pdftex.def Info: Figures/ProjY_wfall_ODR_420.PNG used on input line 331
.
(pdftex.def)             Requested size: 289.07928pt x 216.80946pt.

<Figures/ProjY_wfall_OTR_420.PNG, id=175, 578.16pt x 433.62pt>
File: Figures/ProjY_wfall_OTR_420.PNG Graphic file (type png)

<use Figures/ProjY_wfall_OTR_420.PNG>
Package pdftex.def Info: Figures/ProjY_wfall_OTR_420.PNG used on input line 332
.
(pdftex.def)             Requested size: 289.07928pt x 216.80946pt.

<Figures/ProjY_wfall_ODR_470.PNG, id=176, 578.16pt x 433.62pt>
File: Figures/ProjY_wfall_ODR_470.PNG Graphic file (type png)

<use Figures/ProjY_wfall_ODR_470.PNG>
Package pdftex.def Info: Figures/ProjY_wfall_ODR_470.PNG used on input line 339
.
(pdftex.def)             Requested size: 289.07928pt x 216.80946pt.

<Figures/ProjY_wfall_OTR_470.PNG, id=177, 578.16pt x 433.62pt>
File: Figures/ProjY_wfall_OTR_470.PNG Graphic file (type png)

<use Figures/ProjY_wfall_OTR_470.PNG>
Package pdftex.def Info: Figures/ProjY_wfall_OTR_470.PNG used on input line 340
.
(pdftex.def)             Requested size: 289.07928pt x 216.80946pt.

<Figures/ProjY_wfall_ODR_520.PNG, id=178, 578.16pt x 433.62pt>
File: Figures/ProjY_wfall_ODR_520.PNG Graphic file (type png)

<use Figures/ProjY_wfall_ODR_520.PNG>
Package pdftex.def Info: Figures/ProjY_wfall_ODR_520.PNG used on input line 347
.
(pdftex.def)             Requested size: 289.07928pt x 216.80946pt.

<Figures/ProjY_wfall_OTR_520.PNG, id=179, 578.16pt x 433.62pt>
File: Figures/ProjY_wfall_OTR_520.PNG Graphic file (type png)

<use Figures/ProjY_wfall_OTR_520.PNG>
Package pdftex.def Info: Figures/ProjY_wfall_OTR_520.PNG used on input line 348
.
(pdftex.def)             Requested size: 289.07928pt x 216.80946pt.

<Figures/ProjY_wfall_ODR_570.PNG, id=180, 578.16pt x 433.62pt>
File: Figures/ProjY_wfall_ODR_570.PNG Graphic file (type png)

<use Figures/ProjY_wfall_ODR_570.PNG>
Package pdftex.def Info: Figures/ProjY_wfall_ODR_570.PNG used on input line 355
.
(pdftex.def)             Requested size: 289.07928pt x 216.80946pt.

<Figures/ProjY_wfall_OTR_570.PNG, id=181, 578.16pt x 433.62pt>
File: Figures/ProjY_wfall_OTR_570.PNG Graphic file (type png)

<use Figures/ProjY_wfall_OTR_570.PNG>
Package pdftex.def Info: Figures/ProjY_wfall_OTR_570.PNG used on input line 356
.
(pdftex.def)             Requested size: 289.07928pt x 216.80946pt.
 [34] [35 <C:/Users/Matthew/Documents/Matthew/Stanford/FACET/Figures/ProjY_wfal
l_ODR_0.PNG (PNG copy)> <C:/Users/Matthew/Documents/Matthew/Stanford/FACET/Figu
res/ProjY_wfall_OTR_0.PNG (PNG copy)>]
[36 <C:/Users/Matthew/Documents/Matthew/Stanford/FACET/Figures/ProjY_wfall_ODR_
320.PNG (PNG copy)> <C:/Users/Matthew/Documents/Matthew/Stanford/FACET/Figures/
ProjY_wfall_OTR_320.PNG (PNG copy)>] [37 <C:/Users/Matthew/Documents/Matthew/St
anford/FACET/Figures/ProjY_wfall_ODR_370.PNG (PNG copy)> <C:/Users/Matthew/Docu
ments/Matthew/Stanford/FACET/Figures/ProjY_wfall_OTR_370.PNG (PNG copy)>]
[38 <C:/Users/Matthew/Documents/Matthew/Stanford/FACET/Figures/ProjY_wfall_ODR_
420.PNG (PNG copy)> <C:/Users/Matthew/Documents/Matthew/Stanford/FACET/Figures/
ProjY_wfall_OTR_420.PNG (PNG copy)>] [39 <C:/Users/Matthew/Documents/Matthew/St
anford/FACET/Figures/ProjY_wfall_ODR_470.PNG (PNG copy)> <C:/Users/Matthew/Docu
ments/Matthew/Stanford/FACET/Figures/ProjY_wfall_OTR_470.PNG (PNG copy)>]
[40 <C:/Users/Matthew/Documents/Matthew/Stanford/FACET/Figures/ProjY_wfall_ODR_
520.PNG (PNG copy)> <C:/Users/Matthew/Documents/Matthew/Stanford/FACET/Figures/
ProjY_wfall_OTR_520.PNG (PNG copy)>] [41 <C:/Users/Matthew/Documents/Matthew/St
anford/FACET/Figures/ProjY_wfall_ODR_570.PNG (PNG copy)> <C:/Users/Matthew/Docu
ments/Matthew/Stanford/FACET/Figures/ProjY_wfall_OTR_570.PNG (PNG copy)>]
<Figures/Sample_ODR_0.PNG, id=207, 578.16pt x 433.62pt>
File: Figures/Sample_ODR_0.PNG Graphic file (type png)

<use Figures/Sample_ODR_0.PNG>
Package pdftex.def Info: Figures/Sample_ODR_0.PNG used on input line 371.
(pdftex.def)             Requested size: 289.07928pt x 216.80946pt.

<Figures/Sample_OTR_0.PNG, id=208, 578.16pt x 433.62pt>
File: Figures/Sample_OTR_0.PNG Graphic file (type png)

<use Figures/Sample_OTR_0.PNG>
Package pdftex.def Info: Figures/Sample_OTR_0.PNG used on input line 372.
(pdftex.def)             Requested size: 289.07928pt x 216.80946pt.

<Figures/Sample_ODR_320.PNG, id=209, 578.16pt x 433.62pt>
File: Figures/Sample_ODR_320.PNG Graphic file (type png)

<use Figures/Sample_ODR_320.PNG>
Package pdftex.def Info: Figures/Sample_ODR_320.PNG used on input line 379.
(pdftex.def)             Requested size: 289.07928pt x 216.80946pt.

<Figures/Sample_OTR_320.PNG, id=210, 578.16pt x 433.62pt>
File: Figures/Sample_OTR_320.PNG Graphic file (type png)

<use Figures/Sample_OTR_320.PNG>
Package pdftex.def Info: Figures/Sample_OTR_320.PNG used on input line 380.
(pdftex.def)             Requested size: 289.07928pt x 216.80946pt.

<Figures/Sample_ODR_370.PNG, id=211, 578.16pt x 433.62pt>
File: Figures/Sample_ODR_370.PNG Graphic file (type png)

<use Figures/Sample_ODR_370.PNG>
Package pdftex.def Info: Figures/Sample_ODR_370.PNG used on input line 387.
(pdftex.def)             Requested size: 289.07928pt x 216.80946pt.

<Figures/Sample_OTR_370.PNG, id=212, 578.16pt x 433.62pt>
File: Figures/Sample_OTR_370.PNG Graphic file (type png)

<use Figures/Sample_OTR_370.PNG>
Package pdftex.def Info: Figures/Sample_OTR_370.PNG used on input line 388.
(pdftex.def)             Requested size: 289.07928pt x 216.80946pt.

<Figures/Sample_ODR_420.PNG, id=213, 578.16pt x 433.62pt>
File: Figures/Sample_ODR_420.PNG Graphic file (type png)

<use Figures/Sample_ODR_420.PNG>
Package pdftex.def Info: Figures/Sample_ODR_420.PNG used on input line 395.
(pdftex.def)             Requested size: 289.07928pt x 216.80946pt.

<Figures/Sample_OTR_420.PNG, id=214, 578.16pt x 433.62pt>
File: Figures/Sample_OTR_420.PNG Graphic file (type png)

<use Figures/Sample_OTR_420.PNG>
Package pdftex.def Info: Figures/Sample_OTR_420.PNG used on input line 396.
(pdftex.def)             Requested size: 289.07928pt x 216.80946pt.

<Figures/Sample_ODR_470.PNG, id=215, 578.16pt x 433.62pt>
File: Figures/Sample_ODR_470.PNG Graphic file (type png)

<use Figures/Sample_ODR_470.PNG>
Package pdftex.def Info: Figures/Sample_ODR_470.PNG used on input line 403.
(pdftex.def)             Requested size: 289.07928pt x 216.80946pt.

<Figures/Sample_OTR_470.PNG, id=216, 578.16pt x 433.62pt>
File: Figures/Sample_OTR_470.PNG Graphic file (type png)

<use Figures/Sample_OTR_470.PNG>
Package pdftex.def Info: Figures/Sample_OTR_470.PNG used on input line 404.
(pdftex.def)             Requested size: 289.07928pt x 216.80946pt.

<Figures/Sample_ODR_520.PNG, id=217, 578.16pt x 433.62pt>
File: Figures/Sample_ODR_520.PNG Graphic file (type png)

<use Figures/Sample_ODR_520.PNG>
Package pdftex.def Info: Figures/Sample_ODR_520.PNG used on input line 411.
(pdftex.def)             Requested size: 289.07928pt x 216.80946pt.

<Figures/Sample_OTR_520.PNG, id=218, 578.16pt x 433.62pt>
File: Figures/Sample_OTR_520.PNG Graphic file (type png)

<use Figures/Sample_OTR_520.PNG>
Package pdftex.def Info: Figures/Sample_OTR_520.PNG used on input line 412.
(pdftex.def)             Requested size: 289.07928pt x 216.80946pt.

<Figures/Sample_ODR_570.PNG, id=219, 578.16pt x 433.62pt>
File: Figures/Sample_ODR_570.PNG Graphic file (type png)

<use Figures/Sample_ODR_570.PNG>
Package pdftex.def Info: Figures/Sample_ODR_570.PNG used on input line 419.
(pdftex.def)             Requested size: 289.07928pt x 216.80946pt.

<Figures/Sample_OTR_570.PNG, id=220, 578.16pt x 433.62pt>
File: Figures/Sample_OTR_570.PNG Graphic file (type png)

<use Figures/Sample_OTR_570.PNG>
Package pdftex.def Info: Figures/Sample_OTR_570.PNG used on input line 420.
(pdftex.def)             Requested size: 289.07928pt x 216.80946pt.
 [42] [43 <C:/Users/Matthew/Documents/Matthew/Stanford/FACET/Figures/Sample_ODR
_0.PNG (PNG copy)> <C:/Users/Matthew/Documents/Matthew/Stanford/FACET/Figures/S
ample_OTR_0.PNG (PNG copy)>] [44 <C:/Users/Matthew/Documents/Matthew/Stanford/F
ACET/Figures/Sample_ODR_320.PNG (PNG copy)> <C:/Users/Matthew/Documents/Matthew
/Stanford/FACET/Figures/Sample_OTR_320.PNG (PNG copy)>] [45 <C:/Users/Matthew/D
ocuments/Matthew/Stanford/FACET/Figures/Sample_ODR_370.PNG (PNG copy)> <C:/User
s/Matthew/Documents/Matthew/Stanford/FACET/Figures/Sample_OTR_370.PNG (PNG copy
)>] [46 <C:/Users/Matthew/Documents/Matthew/Stanford/FACET/Figures/Sample_ODR_4
20.PNG (PNG copy)> <C:/Users/Matthew/Documents/Matthew/Stanford/FACET/Figures/S
ample_OTR_420.PNG (PNG copy)>] [47 <C:/Users/Matthew/Documents/Matthew/Stanford
/FACET/Figures/Sample_ODR_470.PNG (PNG copy)> <C:/Users/Matthew/Documents/Matth
ew/Stanford/FACET/Figures/Sample_OTR_470.PNG (PNG copy)>] [48 <C:/Users/Matthew
/Documents/Matthew/Stanford/FACET/Figures/Sample_ODR_520.PNG (PNG copy)> <C:/Us
ers/Matthew/Documents/Matthew/Stanford/FACET/Figures/Sample_OTR_520.PNG (PNG co
py)>] [49 <C:/Users/Matthew/Documents/Matthew/Stanford/FACET/Figures/Sample_ODR
_570.PNG (PNG copy)> <C:/Users/Matthew/Documents/Matthew/Stanford/FACET/Figures
/Sample_OTR_570.PNG (PNG copy)>]
<Figures/ImageWidth_ODR_0.PNG, id=247, 578.16pt x 433.62pt>
File: Figures/ImageWidth_ODR_0.PNG Graphic file (type png)

<use Figures/ImageWidth_ODR_0.PNG>
Package pdftex.def Info: Figures/ImageWidth_ODR_0.PNG used on input line 435.
(pdftex.def)             Requested size: 289.07928pt x 216.80946pt.

<Figures/ImageWidth_OTR_0.PNG, id=248, 578.16pt x 433.62pt>
File: Figures/ImageWidth_OTR_0.PNG Graphic file (type png)

<use Figures/ImageWidth_OTR_0.PNG>
Package pdftex.def Info: Figures/ImageWidth_OTR_0.PNG used on input line 436.
(pdftex.def)             Requested size: 289.07928pt x 216.80946pt.

<Figures/ImageWidth_ODR_320.PNG, id=249, 578.16pt x 433.62pt>
File: Figures/ImageWidth_ODR_320.PNG Graphic file (type png)

<use Figures/ImageWidth_ODR_320.PNG>
Package pdftex.def Info: Figures/ImageWidth_ODR_320.PNG used on input line 443.

(pdftex.def)             Requested size: 289.07928pt x 216.80946pt.

<Figures/ImageWidth_OTR_320.PNG, id=250, 578.16pt x 433.62pt>
File: Figures/ImageWidth_OTR_320.PNG Graphic file (type png)

<use Figures/ImageWidth_OTR_320.PNG>
Package pdftex.def Info: Figures/ImageWidth_OTR_320.PNG used on input line 444.

(pdftex.def)             Requested size: 289.07928pt x 216.80946pt.

<Figures/ImageWidth_ODR_370.PNG, id=251, 578.16pt x 433.62pt>
File: Figures/ImageWidth_ODR_370.PNG Graphic file (type png)

<use Figures/ImageWidth_ODR_370.PNG>
Package pdftex.def Info: Figures/ImageWidth_ODR_370.PNG used on input line 451.

(pdftex.def)             Requested size: 289.07928pt x 216.80946pt.

<Figures/ImageWidth_OTR_370.PNG, id=252, 578.16pt x 433.62pt>
File: Figures/ImageWidth_OTR_370.PNG Graphic file (type png)

<use Figures/ImageWidth_OTR_370.PNG>
Package pdftex.def Info: Figures/ImageWidth_OTR_370.PNG used on input line 452.

(pdftex.def)             Requested size: 289.07928pt x 216.80946pt.

<Figures/ImageWidth_ODR_420.PNG, id=253, 578.16pt x 433.62pt>
File: Figures/ImageWidth_ODR_420.PNG Graphic file (type png)

<use Figures/ImageWidth_ODR_420.PNG>
Package pdftex.def Info: Figures/ImageWidth_ODR_420.PNG used on input line 459.

(pdftex.def)             Requested size: 289.07928pt x 216.80946pt.

<Figures/ImageWidth_OTR_420.PNG, id=254, 578.16pt x 433.62pt>
File: Figures/ImageWidth_OTR_420.PNG Graphic file (type png)

<use Figures/ImageWidth_OTR_420.PNG>
Package pdftex.def Info: Figures/ImageWidth_OTR_420.PNG used on input line 460.

(pdftex.def)             Requested size: 289.07928pt x 216.80946pt.

<Figures/ImageWidth_ODR_470.PNG, id=255, 578.16pt x 433.62pt>
File: Figures/ImageWidth_ODR_470.PNG Graphic file (type png)

<use Figures/ImageWidth_ODR_470.PNG>
Package pdftex.def Info: Figures/ImageWidth_ODR_470.PNG used on input line 467.

(pdftex.def)             Requested size: 289.07928pt x 216.80946pt.

<Figures/ImageWidth_OTR_470.PNG, id=256, 578.16pt x 433.62pt>
File: Figures/ImageWidth_OTR_470.PNG Graphic file (type png)

<use Figures/ImageWidth_OTR_470.PNG>
Package pdftex.def Info: Figures/ImageWidth_OTR_470.PNG used on input line 468.

(pdftex.def)             Requested size: 289.07928pt x 216.80946pt.

<Figures/ImageWidth_ODR_520.PNG, id=257, 578.16pt x 433.62pt>
File: Figures/ImageWidth_ODR_520.PNG Graphic file (type png)

<use Figures/ImageWidth_ODR_520.PNG>
Package pdftex.def Info: Figures/ImageWidth_ODR_520.PNG used on input line 475.

(pdftex.def)             Requested size: 289.07928pt x 216.80946pt.

<Figures/ImageWidth_OTR_520.PNG, id=258, 578.16pt x 433.62pt>
File: Figures/ImageWidth_OTR_520.PNG Graphic file (type png)

<use Figures/ImageWidth_OTR_520.PNG>
Package pdftex.def Info: Figures/ImageWidth_OTR_520.PNG used on input line 476.

(pdftex.def)             Requested size: 289.07928pt x 216.80946pt.

<Figures/ImageWidth_ODR_570.PNG, id=259, 578.16pt x 433.62pt>
File: Figures/ImageWidth_ODR_570.PNG Graphic file (type png)

<use Figures/ImageWidth_ODR_570.PNG>
Package pdftex.def Info: Figures/ImageWidth_ODR_570.PNG used on input line 483.

(pdftex.def)             Requested size: 289.07928pt x 216.80946pt.

<Figures/ImageWidth_OTR_570.PNG, id=260, 578.16pt x 433.62pt>
File: Figures/ImageWidth_OTR_570.PNG Graphic file (type png)

<use Figures/ImageWidth_OTR_570.PNG>
Package pdftex.def Info: Figures/ImageWidth_OTR_570.PNG used on input line 484.

(pdftex.def)             Requested size: 289.07928pt x 216.80946pt.
 [50] [51 <C:/Users/Matthew/Documents/Matthew/Stanford/FACET/Figures/ImageWidth
_ODR_0.PNG (PNG copy)> <C:/Users/Matthew/Documents/Matthew/Stanford/FACET/Figur
es/ImageWidth_OTR_0.PNG (PNG copy)>]
[52 <C:/Users/Matthew/Documents/Matthew/Stanford/FACET/Figures/ImageWidth_ODR_3
20.PNG (PNG copy)> <C:/Users/Matthew/Documents/Matthew/Stanford/FACET/Figures/I
mageWidth_OTR_320.PNG (PNG copy)>] [53 <C:/Users/Matthew/Documents/Matthew/Stan
ford/FACET/Figures/ImageWidth_ODR_370.PNG (PNG copy)> <C:/Users/Matthew/Documen
ts/Matthew/Stanford/FACET/Figures/ImageWidth_OTR_370.PNG (PNG copy)>] [54 <C:/U
sers/Matthew/Documents/Matthew/Stanford/FACET/Figures/ImageWidth_ODR_420.PNG (P
NG copy)> <C:/Users/Matthew/Documents/Matthew/Stanford/FACET/Figures/ImageWidth
_OTR_420.PNG (PNG copy)>] [55 <C:/Users/Matthew/Documents/Matthew/Stanford/FACE
T/Figures/ImageWidth_ODR_470.PNG (PNG copy)> <C:/Users/Matthew/Documents/Matthe
w/Stanford/FACET/Figures/ImageWidth_OTR_470.PNG (PNG copy)>] [56 <C:/Users/Matt
hew/Documents/Matthew/Stanford/FACET/Figures/ImageWidth_ODR_520.PNG (PNG copy)>
 <C:/Users/Matthew/Documents/Matthew/Stanford/FACET/Figures/ImageWidth_OTR_520.
PNG (PNG copy)>] [57 <C:/Users/Matthew/Documents/Matthew/Stanford/FACET/Figures
/ImageWidth_ODR_570.PNG (PNG copy)> <C:/Users/Matthew/Documents/Matthew/Stanfor
d/FACET/Figures/ImageWidth_OTR_570.PNG (PNG copy)>]
<Figures/ImageWidth_OTRODR_0.PNG, id=286, 578.16pt x 433.62pt>
File: Figures/ImageWidth_OTRODR_0.PNG Graphic file (type png)

<use Figures/ImageWidth_OTRODR_0.PNG>
Package pdftex.def Info: Figures/ImageWidth_OTRODR_0.PNG used on input line 499
.
(pdftex.def)             Requested size: 289.07928pt x 216.80946pt.

<Figures/ImageWidth_OTRODR_320.PNG, id=287, 578.16pt x 433.62pt>
File: Figures/ImageWidth_OTRODR_320.PNG Graphic file (type png)

<use Figures/ImageWidth_OTRODR_320.PNG>
Package pdftex.def Info: Figures/ImageWidth_OTRODR_320.PNG used on input line 5
06.
(pdftex.def)             Requested size: 289.07928pt x 216.80946pt.

<Figures/ImageWidth_OTRODR_370.PNG, id=288, 578.16pt x 433.62pt>
File: Figures/ImageWidth_OTRODR_370.PNG Graphic file (type png)

<use Figures/ImageWidth_OTRODR_370.PNG>
Package pdftex.def Info: Figures/ImageWidth_OTRODR_370.PNG used on input line 5
13.
(pdftex.def)             Requested size: 289.07928pt x 216.80946pt.

<Figures/ImageWidth_OTRODR_420.PNG, id=289, 578.16pt x 433.62pt>
File: Figures/ImageWidth_OTRODR_420.PNG Graphic file (type png)

<use Figures/ImageWidth_OTRODR_420.PNG>
Package pdftex.def Info: Figures/ImageWidth_OTRODR_420.PNG used on input line 5
20.
(pdftex.def)             Requested size: 289.07928pt x 216.80946pt.

<Figures/ImageWidth_OTRODR_470.PNG, id=290, 578.16pt x 433.62pt>
File: Figures/ImageWidth_OTRODR_470.PNG Graphic file (type png)

<use Figures/ImageWidth_OTRODR_470.PNG>
Package pdftex.def Info: Figures/ImageWidth_OTRODR_470.PNG used on input line 5
27.
(pdftex.def)             Requested size: 289.07928pt x 216.80946pt.

<Figures/ImageWidth_OTRODR_520.PNG, id=291, 578.16pt x 433.62pt>
File: Figures/ImageWidth_OTRODR_520.PNG Graphic file (type png)

<use Figures/ImageWidth_OTRODR_520.PNG>
Package pdftex.def Info: Figures/ImageWidth_OTRODR_520.PNG used on input line 5
34.
(pdftex.def)             Requested size: 289.07928pt x 216.80946pt.

<Figures/ImageWidth_OTRODR_570.PNG, id=292, 578.16pt x 433.62pt>
File: Figures/ImageWidth_OTRODR_570.PNG Graphic file (type png)

<use Figures/ImageWidth_OTRODR_570.PNG>
Package pdftex.def Info: Figures/ImageWidth_OTRODR_570.PNG used on input line 5
41.
(pdftex.def)             Requested size: 289.07928pt x 216.80946pt.
 [58 <C:/Users/Matthew/Documents/Matthew/Stanford/FACET/Figures/ImageWidth_OTRO
DR_0.PNG (PNG copy)>] [59 <C:/Users/Matthew/Documents/Matthew/Stanford/FACET/Fi
gures/ImageWidth_OTRODR_320.PNG (PNG copy)> <C:/Users/Matthew/Documents/Matthew
/Stanford/FACET/Figures/ImageWidth_OTRODR_370.PNG (PNG copy)>] [60 <C:/Users/Ma
tthew/Documents/Matthew/Stanford/FACET/Figures/ImageWidth_OTRODR_420.PNG (PNG c
opy)> <C:/Users/Matthew/Documents/Matthew/Stanford/FACET/Figures/ImageWidth_OTR
ODR_470.PNG (PNG copy)>] [61 <C:/Users/Matthew/Documents/Matthew/Stanford/FACET
/Figures/ImageWidth_OTRODR_520.PNG (PNG copy)> <C:/Users/Matthew/Documents/Matt
hew/Stanford/FACET/Figures/ImageWidth_OTRODR_570.PNG (PNG copy)>]
<Figures/XPosition_OTRODR_0.PNG, id=306, 578.16pt x 433.62pt>
File: Figures/XPosition_OTRODR_0.PNG Graphic file (type png)

<use Figures/XPosition_OTRODR_0.PNG>
Package pdftex.def Info: Figures/XPosition_OTRODR_0.PNG used on input line 557.

(pdftex.def)             Requested size: 289.07928pt x 216.80946pt.

<Figures/XPosition_OTRODR_320.PNG, id=307, 578.16pt x 433.62pt>
File: Figures/XPosition_OTRODR_320.PNG Graphic file (type png)

<use Figures/XPosition_OTRODR_320.PNG>
Package pdftex.def Info: Figures/XPosition_OTRODR_320.PNG used on input line 56
4.
(pdftex.def)             Requested size: 289.07928pt x 216.80946pt.

<Figures/XPosition_OTRODR_370.PNG, id=308, 578.16pt x 433.62pt>
File: Figures/XPosition_OTRODR_370.PNG Graphic file (type png)

<use Figures/XPosition_OTRODR_370.PNG>
Package pdftex.def Info: Figures/XPosition_OTRODR_370.PNG used on input line 57
1.
(pdftex.def)             Requested size: 289.07928pt x 216.80946pt.

<Figures/XPosition_OTRODR_420.PNG, id=309, 578.16pt x 433.62pt>
File: Figures/XPosition_OTRODR_420.PNG Graphic file (type png)

<use Figures/XPosition_OTRODR_420.PNG>
Package pdftex.def Info: Figures/XPosition_OTRODR_420.PNG used on input line 57
8.
(pdftex.def)             Requested size: 289.07928pt x 216.80946pt.

<Figures/XPosition_OTRODR_470.PNG, id=310, 578.16pt x 433.62pt>
File: Figures/XPosition_OTRODR_470.PNG Graphic file (type png)

<use Figures/XPosition_OTRODR_470.PNG>
Package pdftex.def Info: Figures/XPosition_OTRODR_470.PNG used on input line 58
5.
(pdftex.def)             Requested size: 289.07928pt x 216.80946pt.

<Figures/XPosition_OTRODR_520.PNG, id=311, 578.16pt x 433.62pt>
File: Figures/XPosition_OTRODR_520.PNG Graphic file (type png)

<use Figures/XPosition_OTRODR_520.PNG>
Package pdftex.def Info: Figures/XPosition_OTRODR_520.PNG used on input line 59
2.
(pdftex.def)             Requested size: 289.07928pt x 216.80946pt.

<Figures/XPosition_OTRODR_570.PNG, id=312, 578.16pt x 433.62pt>
File: Figures/XPosition_OTRODR_570.PNG Graphic file (type png)

<use Figures/XPosition_OTRODR_570.PNG>
Package pdftex.def Info: Figures/XPosition_OTRODR_570.PNG used on input line 59
9.
(pdftex.def)             Requested size: 289.07928pt x 216.80946pt.
 [62 <C:/Users/Matthew/Documents/Matthew/Stanford/FACET/Figures/XPosition_OTROD
R_0.PNG (PNG copy)>] [63 <C:/Users/Matthew/Documents/Matthew/Stanford/FACET/Fig
ures/XPosition_OTRODR_320.PNG (PNG copy)> <C:/Users/Matthew/Documents/Matthew/S
tanford/FACET/Figures/XPosition_OTRODR_370.PNG (PNG copy)>] [64 <C:/Users/Matth
ew/Documents/Matthew/Stanford/FACET/Figures/XPosition_OTRODR_420.PNG (PNG copy)
> <C:/Users/Matthew/Documents/Matthew/Stanford/FACET/Figures/XPosition_OTRODR_4
70.PNG (PNG copy)>] [65 <C:/Users/Matthew/Documents/Matthew/Stanford/FACET/Figu
res/XPosition_OTRODR_520.PNG (PNG copy)> <C:/Users/Matthew/Documents/Matthew/St
anford/FACET/Figures/XPosition_OTRODR_570.PNG (PNG copy)>]
<Figures/YPosition_OTRODR_0.PNG, id=325, 578.16pt x 433.62pt>
File: Figures/YPosition_OTRODR_0.PNG Graphic file (type png)

<use Figures/YPosition_OTRODR_0.PNG>
Package pdftex.def Info: Figures/YPosition_OTRODR_0.PNG used on input line 613.

(pdftex.def)             Requested size: 289.07928pt x 216.80946pt.

<Figures/YPosition_OTRODR_320.PNG, id=326, 578.16pt x 433.62pt>
File: Figures/YPosition_OTRODR_320.PNG Graphic file (type png)

<use Figures/YPosition_OTRODR_320.PNG>
Package pdftex.def Info: Figures/YPosition_OTRODR_320.PNG used on input line 62
0.
(pdftex.def)             Requested size: 289.07928pt x 216.80946pt.

<Figures/YPosition_OTRODR_370.PNG, id=327, 578.16pt x 433.62pt>
File: Figures/YPosition_OTRODR_370.PNG Graphic file (type png)

<use Figures/YPosition_OTRODR_370.PNG>
Package pdftex.def Info: Figures/YPosition_OTRODR_370.PNG used on input line 62
7.
(pdftex.def)             Requested size: 289.07928pt x 216.80946pt.

<Figures/YPosition_OTRODR_420.PNG, id=328, 578.16pt x 433.62pt>
File: Figures/YPosition_OTRODR_420.PNG Graphic file (type png)

<use Figures/YPosition_OTRODR_420.PNG>
Package pdftex.def Info: Figures/YPosition_OTRODR_420.PNG used on input line 63
4.
(pdftex.def)             Requested size: 289.07928pt x 216.80946pt.

<Figures/YPosition_OTRODR_470.PNG, id=329, 578.16pt x 433.62pt>
File: Figures/YPosition_OTRODR_470.PNG Graphic file (type png)

<use Figures/YPosition_OTRODR_470.PNG>
Package pdftex.def Info: Figures/YPosition_OTRODR_470.PNG used on input line 64
1.
(pdftex.def)             Requested size: 289.07928pt x 216.80946pt.

<Figures/YPosition_OTRODR_520.PNG, id=330, 578.16pt x 433.62pt>
File: Figures/YPosition_OTRODR_520.PNG Graphic file (type png)

<use Figures/YPosition_OTRODR_520.PNG>
Package pdftex.def Info: Figures/YPosition_OTRODR_520.PNG used on input line 64
8.
(pdftex.def)             Requested size: 289.07928pt x 216.80946pt.

<Figures/YPosition_OTRODR_570.PNG, id=331, 578.16pt x 433.62pt>
File: Figures/YPosition_OTRODR_570.PNG Graphic file (type png)

<use Figures/YPosition_OTRODR_570.PNG>
Package pdftex.def Info: Figures/YPosition_OTRODR_570.PNG used on input line 65
5.
(pdftex.def)             Requested size: 289.07928pt x 216.80946pt.
 [66 <C:/Users/Matthew/Documents/Matthew/Stanford/FACET/Figures/YPosition_OTROD
R_0.PNG (PNG copy)>] [67 <C:/Users/Matthew/Documents/Matthew/Stanford/FACET/Fig
ures/YPosition_OTRODR_320.PNG (PNG copy)> <C:/Users/Matthew/Documents/Matthew/S
tanford/FACET/Figures/YPosition_OTRODR_370.PNG (PNG copy)>] [68 <C:/Users/Matth
ew/Documents/Matthew/Stanford/FACET/Figures/YPosition_OTRODR_420.PNG (PNG copy)
> <C:/Users/Matthew/Documents/Matthew/Stanford/FACET/Figures/YPosition_OTRODR_4
70.PNG (PNG copy)>] [69 <C:/Users/Matthew/Documents/Matthew/Stanford/FACET/Figu
res/YPosition_OTRODR_520.PNG (PNG copy)> <C:/Users/Matthew/Documents/Matthew/St
anford/FACET/Figures/YPosition_OTRODR_570.PNG (PNG copy)>] <Figures/FFT_0.PNG, 
id=345, 578.16pt x 433.62pt>
File: Figures/FFT_0.PNG Graphic file (type png)

<use Figures/FFT_0.PNG>
Package pdftex.def Info: Figures/FFT_0.PNG used on input line 669.
(pdftex.def)             Requested size: 289.07928pt x 216.80946pt.
 <Figures/FFT_320.PNG, id=346, 578.16pt x 433.62pt>
File: Figures/FFT_320.PNG Graphic file (type png)

<use Figures/FFT_320.PNG>
Package pdftex.def Info: Figures/FFT_320.PNG used on input line 676.
(pdftex.def)             Requested size: 289.07928pt x 216.80946pt.
 <Figures/FFT_370.PNG, id=347, 578.16pt x 433.62pt>
File: Figures/FFT_370.PNG Graphic file (type png)

<use Figures/FFT_370.PNG>
Package pdftex.def Info: Figures/FFT_370.PNG used on input line 683.
(pdftex.def)             Requested size: 289.07928pt x 216.80946pt.
 <Figures/FFT_420.PNG, id=348, 578.16pt x 433.62pt>
File: Figures/FFT_420.PNG Graphic file (type png)

<use Figures/FFT_420.PNG>
Package pdftex.def Info: Figures/FFT_420.PNG used on input line 690.
(pdftex.def)             Requested size: 289.07928pt x 216.80946pt.
 <Figures/FFT_470.PNG, id=349, 578.16pt x 433.62pt>
File: Figures/FFT_470.PNG Graphic file (type png)

<use Figures/FFT_470.PNG>
Package pdftex.def Info: Figures/FFT_470.PNG used on input line 697.
(pdftex.def)             Requested size: 289.07928pt x 216.80946pt.
 <Figures/FFT_520.PNG, id=350, 578.16pt x 433.62pt>
File: Figures/FFT_520.PNG Graphic file (type png)

<use Figures/FFT_520.PNG>
Package pdftex.def Info: Figures/FFT_520.PNG used on input line 704.
(pdftex.def)             Requested size: 289.07928pt x 216.80946pt.
 <Figures/FFT_570.PNG, id=351, 578.16pt x 433.62pt>
File: Figures/FFT_570.PNG Graphic file (type png)

<use Figures/FFT_570.PNG>
Package pdftex.def Info: Figures/FFT_570.PNG used on input line 711.
(pdftex.def)             Requested size: 289.07928pt x 216.80946pt.
 [70 <C:/Users/Matthew/Documents/Matthew/Stanford/FACET/Figures/FFT_0.PNG (PNG 
copy)>] [71 <C:/Users/Matthew/Documents/Matthew/Stanford/FACET/Figures/FFT_320.
PNG (PNG copy)> <C:/Users/Matthew/Documents/Matthew/Stanford/FACET/Figures/FFT_
370.PNG (PNG copy)>] [72 <C:/Users/Matthew/Documents/Matthew/Stanford/FACET/Fig
ures/FFT_420.PNG (PNG copy)> <C:/Users/Matthew/Documents/Matthew/Stanford/FACET
/Figures/FFT_470.PNG (PNG copy)>] [73 <C:/Users/Matthew/Documents/Matthew/Stanf
ord/FACET/Figures/FFT_520.PNG (PNG copy)> <C:/Users/Matthew/Documents/Matthew/S
tanford/FACET/Figures/FFT_570.PNG (PNG copy)>]
(C:\Users\Matthew\Documents\Matthew\Stanford\FACET\ODR_data_figs.aux) ) 
Here is how much of TeX's memory you used:
 2456 strings out of 493921
 42744 string characters out of 3144870
 81084 words of memory out of 3000000
 5637 multiletter control sequences out of 15000+200000
 4544 words of font info for 17 fonts, out of 3000000 for 9000
 841 hyphenation exceptions out of 8191
 27i,6n,20p,296b,257s stack positions out of 5000i,500n,10000p,200000b,50000s
<C:/Prog
ram Files (x86)/MiKTeX 2.9/fonts/type1/public/amsfonts/cm/cmbx12.pfb><C:/Progra
m Files (x86)/MiKTeX 2.9/fonts/type1/public/amsfonts/cm/cmr12.pfb>
Output written on ODR_data_figs.pdf (73 pages, 4883748 bytes).
PDF statistics:
 376 PDF objects out of 1000 (max. 8388607)
 0 named destinations out of 1000 (max. 500000)
 651 words of extra memory for PDF output out of 10000 (max. 10000000)

