This is pdfTeX, Version 3.1415926-2.5-1.40.14 (MiKTeX 2.9) (preloaded format=pdflatex 2014.8.14)  23 DEC 2014 14:29
entering extended mode
**C:/Users/Matthew/Documents/Matthew/Stanford/FACET/RadiationCalcs2.tex
(C:/Users/Matthew/Documents/Matthew/Stanford/FACET/RadiationCalcs2.tex
LaTeX2e <2011/06/27>
Babel <v3.8m> and hyphenation patterns for english, afrikaans, ancientgreek, ar
abic, armenian, assamese, basque, bengali, bokmal, bulgarian, catalan, coptic, 
croatian, czech, danish, dutch, esperanto, estonian, farsi, finnish, french, ga
lician, german, german-x-2013-05-26, greek, gujarati, hindi, hungarian, iceland
ic, indonesian, interlingua, irish, italian, kannada, kurmanji, latin, latvian,
 lithuanian, malayalam, marathi, mongolian, mongolianlmc, monogreek, ngerman, n
german-x-2013-05-26, nynorsk, oriya, panjabi, pinyin, polish, portuguese, roman
ian, russian, sanskrit, serbian, slovak, slovenian, spanish, swedish, swissgerm
an, tamil, telugu, turkish, turkmen, ukenglish, ukrainian, uppersorbian, usengl
ishmax, welsh, loaded.
("C:\Program Files (x86)\MiKTeX 2.9\tex\latex\base\article.cls"
Document Class: article 2007/10/19 v1.4h Standard LaTeX document class
("C:\Program Files (x86)\MiKTeX 2.9\tex\latex\base\size12.clo"
File: size12.clo 2007/10/19 v1.4h Standard LaTeX file (size option)
)
\c@part=\count79
\c@section=\count80
\c@subsection=\count81
\c@subsubsection=\count82
\c@paragraph=\count83
\c@subparagraph=\count84
\c@figure=\count85
\c@table=\count86
\abovecaptionskip=\skip41
\belowcaptionskip=\skip42
\bibindent=\dimen102
)
("C:\Program Files (x86)\MiKTeX 2.9\tex\latex\graphics\graphicx.sty"
Package: graphicx 1999/02/16 v1.0f Enhanced LaTeX Graphics (DPC,SPQR)

("C:\Program Files (x86)\MiKTeX 2.9\tex\latex\graphics\keyval.sty"
Package: keyval 1999/03/16 v1.13 key=value parser (DPC)
\KV@toks@=\toks14
)
("C:\Program Files (x86)\MiKTeX 2.9\tex\latex\graphics\graphics.sty"
Package: graphics 2009/02/05 v1.0o Standard LaTeX Graphics (DPC,SPQR)

("C:\Program Files (x86)\MiKTeX 2.9\tex\latex\graphics\trig.sty"
Package: trig 1999/03/16 v1.09 sin cos tan (DPC)
)
("C:\Program Files (x86)\MiKTeX 2.9\tex\latex\00miktex\graphics.cfg"
File: graphics.cfg 2007/01/18 v1.5 graphics configuration of teTeX/TeXLive
)
Package graphics Info: Driver file: pdftex.def on input line 91.

("C:\Program Files (x86)\MiKTeX 2.9\tex\latex\pdftex-def\pdftex.def"
File: pdftex.def 2011/05/27 v0.06d Graphics/color for pdfTeX

("C:\Program Files (x86)\MiKTeX 2.9\tex\generic\oberdiek\infwarerr.sty"
Package: infwarerr 2010/04/08 v1.3 Providing info/warning/error messages (HO)
)
("C:\Program Files (x86)\MiKTeX 2.9\tex\generic\oberdiek\ltxcmds.sty"
Package: ltxcmds 2011/11/09 v1.22 LaTeX kernel commands for general use (HO)
)
\Gread@gobject=\count87
))
\Gin@req@height=\dimen103
\Gin@req@width=\dimen104
)
("C:\Program Files (x86)\MiKTeX 2.9\tex\latex\preprint\fullpage.sty"
Package: fullpage 1999/02/23 1.1 (PWD)
\FP@margin=\skip43
)
("C:\Program Files (x86)\MiKTeX 2.9\tex\latex\amsmath\amsmath.sty"
Package: amsmath 2013/01/14 v2.14 AMS math features
\@mathmargin=\skip44

For additional information on amsmath, use the `?' option.
("C:\Program Files (x86)\MiKTeX 2.9\tex\latex\amsmath\amstext.sty"
Package: amstext 2000/06/29 v2.01

("C:\Program Files (x86)\MiKTeX 2.9\tex\latex\amsmath\amsgen.sty"
File: amsgen.sty 1999/11/30 v2.0
\@emptytoks=\toks15
\ex@=\dimen105
))
("C:\Program Files (x86)\MiKTeX 2.9\tex\latex\amsmath\amsbsy.sty"
Package: amsbsy 1999/11/29 v1.2d
\pmbraise@=\dimen106
)
("C:\Program Files (x86)\MiKTeX 2.9\tex\latex\amsmath\amsopn.sty"
Package: amsopn 1999/12/14 v2.01 operator names
)
\inf@bad=\count88
LaTeX Info: Redefining \frac on input line 210.
\uproot@=\count89
\leftroot@=\count90
LaTeX Info: Redefining \overline on input line 306.
\classnum@=\count91
\DOTSCASE@=\count92
LaTeX Info: Redefining \ldots on input line 378.
LaTeX Info: Redefining \dots on input line 381.
LaTeX Info: Redefining \cdots on input line 466.
\Mathstrutbox@=\box26
\strutbox@=\box27
\big@size=\dimen107
LaTeX Font Info:    Redeclaring font encoding OML on input line 566.
LaTeX Font Info:    Redeclaring font encoding OMS on input line 567.
\macc@depth=\count93
\c@MaxMatrixCols=\count94
\dotsspace@=\muskip10
\c@parentequation=\count95
\dspbrk@lvl=\count96
\tag@help=\toks16
\row@=\count97
\column@=\count98
\maxfields@=\count99
\andhelp@=\toks17
\eqnshift@=\dimen108
\alignsep@=\dimen109
\tagshift@=\dimen110
\tagwidth@=\dimen111
\totwidth@=\dimen112
\lineht@=\dimen113
\@envbody=\toks18
\multlinegap=\skip45
\multlinetaggap=\skip46
\mathdisplay@stack=\toks19
LaTeX Info: Redefining \[ on input line 2665.
LaTeX Info: Redefining \] on input line 2666.
)
("C:\Program Files (x86)\MiKTeX 2.9\tex\latex\tools\enumerate.sty"
Package: enumerate 1999/03/05 v3.00 enumerate extensions (DPC)
\@enLab=\toks20
)
("C:\Program Files (x86)\MiKTeX 2.9\tex\latex\ltxmisc\here.sty")
("C:\Program Files (x86)\MiKTeX 2.9\tex\latex\was\gensymb.sty"
Package: gensymb 2003/07/02 v1.0 (WaS)
)
(C:\Users\Matthew\Documents\Matthew\Stanford\FACET\RadiationCalcs2.aux)
LaTeX Font Info:    Checking defaults for OML/cmm/m/it on input line 9.
LaTeX Font Info:    ... okay on input line 9.
LaTeX Font Info:    Checking defaults for T1/cmr/m/n on input line 9.
LaTeX Font Info:    ... okay on input line 9.
LaTeX Font Info:    Checking defaults for OT1/cmr/m/n on input line 9.
LaTeX Font Info:    ... okay on input line 9.
LaTeX Font Info:    Checking defaults for OMS/cmsy/m/n on input line 9.
LaTeX Font Info:    ... okay on input line 9.
LaTeX Font Info:    Checking defaults for OMX/cmex/m/n on input line 9.
LaTeX Font Info:    ... okay on input line 9.
LaTeX Font Info:    Checking defaults for U/cmr/m/n on input line 9.
LaTeX Font Info:    ... okay on input line 9.

("C:\Program Files (x86)\MiKTeX 2.9\tex\context\base\supp-pdf.mkii"
[Loading MPS to PDF converter (version 2006.09.02).]
\scratchcounter=\count100
\scratchdimen=\dimen114
\scratchbox=\box28
\nofMPsegments=\count101
\nofMParguments=\count102
\everyMPshowfont=\toks21
\MPscratchCnt=\count103
\MPscratchDim=\dimen115
\MPnumerator=\count104
\makeMPintoPDFobject=\count105
\everyMPtoPDFconversion=\toks22
)
LaTeX Info: Redefining \celsius on input line 9.
Package gensymb Info: Faking symbols for \degree and \celsius on input line 9.


Package gensymb Warning: Not defining \perthousand.

LaTeX Info: Redefining \ohm on input line 9.
Package gensymb Info: Using \Omega for \ohm on input line 9.

Package gensymb Warning: Not defining \micro.

<dWdomega.PNG, id=1, 537.80925pt x 228.25275pt>
File: dWdomega.PNG Graphic file (type png)
 <use dWdomega.PNG>
Package pdftex.def Info: dWdomega.PNG used on input line 29.
(pdftex.def)             Requested size: 268.90396pt x 114.12608pt.
 [1{C:/ProgramData/MiKTeX/2.9/pdftex/config/pdftex.map}

 <C:/Users/Matthew/Documents/Matthew/Stanford/FACET/dWdomega.PNG>] <Energy2.PNG
, id=16, 549.85425pt x 237.2865pt>
File: Energy2.PNG Graphic file (type png)

<use Energy2.PNG>
Package pdftex.def Info: Energy2.PNG used on input line 55.
(pdftex.def)             Requested size: 274.92644pt x 118.64294pt.
 <TransData.PNG, id=17, 392.06474pt x 264.99pt>
File: TransData.PNG Graphic file (type png)

<use TransData.PNG>
Package pdftex.def Info: TransData.PNG used on input line 78.
(pdftex.def)             Requested size: 196.03189pt x 132.49467pt.
 [2 <C:/Users/Matthew/Documents/Matthew/Stanford/FACET/Energy2.PNG>] [3 <C:/Use
rs/Matthew/Documents/Matthew/Stanford/FACET/TransData.PNG>]
Overfull \hbox (18.47325pt too wide) detected at line 165
[]\OT1/cmr/m/n/12 (\OML/cmm/m/it/12 u[]; !\OT1/cmr/m/n/12 ) = [][][] [][] [] []
 \OML/cmm/m/it/12 K[]\OT1/cmr/m/n/12 ([][])\OML/cmm/m/it/12 e[]dxdydu[]
 []


Overfull \hbox (2.57518pt too wide) detected at line 171
[]\OT1/cmr/m/n/12 (\OML/cmm/m/it/12 u[]; !\OT1/cmr/m/n/12 ) = [][][] [] [] [] \
OML/cmm/m/it/12 K[]\OT1/cmr/m/n/12 ([][])\OML/cmm/m/it/12 e[]dxdyd[]x
 []

[4]
Overfull \hbox (88.14041pt too wide) detected at line 177
\OML/cmm/m/it/12 n \OT1/cmr/m/n/12 = [][][][] [][] [][] [] [] [] \OML/cmm/m/it/
12 K[]\OT1/cmr/m/n/12 ([][])\OML/cmm/m/it/12 e[]dxdydu[]du[]d!
 []

<figures/ODR_IntensityX.PDF, id=31, 627.34375pt x 376.40625pt>
File: figures/ODR_IntensityX.PDF Graphic file (type pdf)

<use figures/ODR_IntensityX.PDF>
Package pdftex.def Info: figures/ODR_IntensityX.PDF used on input line 183.
(pdftex.def)             Requested size: 313.6711pt x 188.20265pt.

<figures/ODR_Norm_IntensityX.PDF, id=32, 628.3475pt x 377.41pt>
File: figures/ODR_Norm_IntensityX.PDF Graphic file (type pdf)

<use figures/ODR_Norm_IntensityX.PDF>
Package pdftex.def Info: figures/ODR_Norm_IntensityX.PDF used on input line 184
.
(pdftex.def)             Requested size: 314.17297pt x 188.70453pt.

<figures/ODR_IntensityY.PDF, id=33, 633.36626pt x 381.425pt>
File: figures/ODR_IntensityY.PDF Graphic file (type pdf)

<use figures/ODR_IntensityY.PDF>
Package pdftex.def Info: figures/ODR_IntensityY.PDF used on input line 191.
(pdftex.def)             Requested size: 316.68236pt x 190.71202pt.

<figures/ODR_IntensityX_IP.PDF, id=34, 642.4pt x 385.44pt>
File: figures/ODR_IntensityX_IP.PDF Graphic file (type pdf)

<use figures/ODR_IntensityX_IP.PDF>
Package pdftex.def Info: figures/ODR_IntensityX_IP.PDF used on input line 198.
(pdftex.def)             Requested size: 321.19922pt x 192.71953pt.

<figures/ODR_Norm_IntensityX_IP.PDF, id=35, 644.4075pt x 381.425pt>
File: figures/ODR_Norm_IntensityX_IP.PDF Graphic file (type pdf)

<use figures/ODR_Norm_IntensityX_IP.PDF>
Package pdftex.def Info: figures/ODR_Norm_IntensityX_IP.PDF used on input line 
199.
(pdftex.def)             Requested size: 322.20296pt x 190.71202pt.

<figures/ODR_2D_Intensity.PDF, id=36, 616.3025pt x 600.2425pt>
File: figures/ODR_2D_Intensity.PDF Graphic file (type pdf)

<use figures/ODR_2D_Intensity.PDF>
Package pdftex.def Info: figures/ODR_2D_Intensity.PDF used on input line 206.
(pdftex.def)             Requested size: 308.1505pt x 300.12051pt.

<figures/ODR_Norm_IntensityX_125.PDF, id=37, 653.44125pt x 380.42125pt>
File: figures/ODR_Norm_IntensityX_125.PDF Graphic file (type pdf)

<use figures/ODR_Norm_IntensityX_125.PDF>
Package pdftex.def Info: figures/ODR_Norm_IntensityX_125.PDF used on input line
 213.
(pdftex.def)             Requested size: 326.71982pt x 190.21014pt.

<figures/ODR_Norm_IntensityX_500.PDF, id=38, 734.745pt x 431.6125pt>
File: figures/ODR_Norm_IntensityX_500.PDF Graphic file (type pdf)

<use figures/ODR_Norm_IntensityX_500.PDF>
Package pdftex.def Info: figures/ODR_Norm_IntensityX_500.PDF used on input line
 214.
(pdftex.def)             Requested size: 367.3716pt x 215.80571pt.

<figures/ODR_Norm_IntensityX_125_zoom.PDF, id=39, 761.84625pt x 460.72125pt>
File: figures/ODR_Norm_IntensityX_125_zoom.PDF Graphic file (type pdf)

<use figures/ODR_Norm_IntensityX_125_zoom.PDF>
Package pdftex.def Info: figures/ODR_Norm_IntensityX_125_zoom.PDF used on input
 line 221.
(pdftex.def)             Requested size: 380.9222pt x 230.36006pt.

<figures/ODR_Norm_IntensityX_500_zoom.PDF, id=40, 702.625pt x 424.58624pt>
File: figures/ODR_Norm_IntensityX_500_zoom.PDF Graphic file (type pdf)

<use figures/ODR_Norm_IntensityX_500_zoom.PDF>
Package pdftex.def Info: figures/ODR_Norm_IntensityX_500_zoom.PDF used on input
 line 222.
(pdftex.def)             Requested size: 351.31163pt x 212.2926pt.
 [5] [6 <C:/Users/Matthew/Documents/Matthew/Stanford/FACET/figures/ODR_Intensit
yX.PDF> <C:/Users/Matthew/Documents/Matthew/Stanford/FACET/figures/ODR_Norm_Int
ensityX.PDF

pdfTeX warning: pdflatex.EXE (file C:/Users/Matthew/Documents/Matthew/Stanford/
FACET/figures/ODR_Norm_IntensityX.PDF): PDF inclusion: multiple pdfs with page 
group included in a single page
>] [7 <C:/Users/Matthew/Documents/Matthew/Stanford/FACET/figures/ODR_IntensityY
.PDF>] [8 <C:/Users/Matthew/Documents/Matthew/Stanford/FACET/figures/ODR_Intens
ityX_IP.PDF> <C:/Users/Matthew/Documents/Matthew/Stanford/FACET/figures/ODR_Nor
m_IntensityX_IP.PDF

pdfTeX warning: pdflatex.EXE (file C:/Users/Matthew/Documents/Matthew/Stanford/
FACET/figures/ODR_Norm_IntensityX_IP.PDF): PDF inclusion: multiple pdfs with pa
ge group included in a single page
>] [9 <C:/Users/Matthew/Documents/Matthew/Stanford/FACET/figures/ODR_2D_Intensi
ty.PDF>] [10 <C:/Users/Matthew/Documents/Matthew/Stanford/FACET/figures/ODR_Nor
m_IntensityX_125.PDF> <C:/Users/Matthew/Documents/Matthew/Stanford/FACET/figure
s/ODR_Norm_IntensityX_500.PDF

pdfTeX warning: pdflatex.EXE (file C:/Users/Matthew/Documents/Matthew/Stanford/
FACET/figures/ODR_Norm_IntensityX_500.PDF): PDF inclusion: multiple pdfs with p
age group included in a single page
>] [11 <C:/Users/Matthew/Documents/Matthew/Stanford/FACET/figures/ODR_Norm_Inte
nsityX_125_zoom.PDF> <C:/Users/Matthew/Documents/Matthew/Stanford/FACET/figures
/ODR_Norm_IntensityX_500_zoom.PDF

pdfTeX warning: pdflatex.EXE (file C:/Users/Matthew/Documents/Matthew/Stanford/
FACET/figures/ODR_Norm_IntensityX_500_zoom.PDF): PDF inclusion: multiple pdfs w
ith page group included in a single page
>] [12]
Overfull \hbox (27.47536pt too wide) detected at line 379
\OML/cmm/m/it/12 P[] \OT1/cmr/m/n/12 = 0\OML/cmm/m/it/12 :\OT1/cmr/m/n/12 00015
5\OML/cmm/m/it/12 W; q[] \OT1/cmr/m/n/12 = 26\OML/cmm/m/it/12 :\OT1/cmr/m/n/12 
77\OML/cmm/m/it/12 W=cm[]; P[] \OT1/cmr/m/n/12 = 0\OML/cmm/m/it/12 :\OT1/cmr/m/
n/12 000337\OML/cmm/m/it/12 W; \OT1/cmr/m/n/12 (\OML/cmm/m/it/12 T[] \OMS/cmsy/
m/n/12   \OML/cmm/m/it/12 T[]\OT1/cmr/m/n/12 )[] = 0\OML/cmm/m/it/12 :\OT1/cmr/
m/n/12 00334\OML/cmm/m/it/12 K; \OT1/cmr/m/n/12 \OML/cmm/m/it/12 T[] \OT1/cmr/
m/n/12 = 0\OML/cmm/m/it/12 :\OT1/cmr/m/n/12 0430\OML/cmm/m/it/12 K
 []

[13] [14]
(C:\Users\Matthew\Documents\Matthew\Stanford\FACET\RadiationCalcs2.aux) ) 
Here is how much of TeX's memory you used:
 1892 strings out of 493921
 25429 string characters out of 3144870
 85084 words of memory out of 3000000
 5180 multiletter control sequences out of 15000+200000
 7656 words of font info for 28 fonts, out of 3000000 for 9000
 841 hyphenation exceptions out of 8191
 27i,6n,20p,783b,255s stack positions out of 5000i,500n,10000p,200000b,50000s
<C:/Pr
ogram Files (x86)/MiKTeX 2.9/fonts/type1/public/amsfonts/cm/cmbx12.pfb><C:/Prog
ram Files (x86)/MiKTeX 2.9/fonts/type1/public/amsfonts/cm/cmex10.pfb><C:/Progra
m Files (x86)/MiKTeX 2.9/fonts/type1/public/amsfonts/cm/cmmi12.pfb><C:/Program 
Files (x86)/MiKTeX 2.9/fonts/type1/public/amsfonts/cm/cmmi6.pfb><C:/Program Fil
es (x86)/MiKTeX 2.9/fonts/type1/public/amsfonts/cm/cmmi8.pfb><C:/Program Files 
(x86)/MiKTeX 2.9/fonts/type1/public/amsfonts/cm/cmr12.pfb><C:/Program Files (x8
6)/MiKTeX 2.9/fonts/type1/public/amsfonts/cm/cmr6.pfb><C:/Program Files (x86)/M
iKTeX 2.9/fonts/type1/public/amsfonts/cm/cmr8.pfb><C:/Program Files (x86)/MiKTe
X 2.9/fonts/type1/public/amsfonts/cm/cmsy10.pfb><C:/Program Files (x86)/MiKTeX 
2.9/fonts/type1/public/amsfonts/cm/cmsy6.pfb><C:/Program Files (x86)/MiKTeX 2.9
/fonts/type1/public/amsfonts/cm/cmsy8.pfb>
Output written on RadiationCalcs2.pdf (14 pages, 951874 bytes).
PDF statistics:
 235 PDF objects out of 1000 (max. 8388607)
 0 named destinations out of 1000 (max. 500000)
 66 words of extra memory for PDF output out of 10000 (max. 10000000)

