This is pdfTeX, Version 3.1415926-2.5-1.40.14 (MiKTeX 2.9) (preloaded format=pdflatex 2014.8.14)  20 JAN 2015 00:18
entering extended mode
**C:/Users/Matthew/Documents/Matthew/Stanford/FACET/RadiationCalcsFinal.tex
(C:/Users/Matthew/Documents/Matthew/Stanford/FACET/RadiationCalcsFinal.tex
LaTeX2e <2011/06/27>
Babel <v3.8m> and hyphenation patterns for english, afrikaans, ancientgreek, ar
abic, armenian, assamese, basque, bengali, bokmal, bulgarian, catalan, coptic, 
croatian, czech, danish, dutch, esperanto, estonian, farsi, finnish, french, ga
lician, german, german-x-2013-05-26, greek, gujarati, hindi, hungarian, iceland
ic, indonesian, interlingua, irish, italian, kannada, kurmanji, latin, latvian,
 lithuanian, malayalam, marathi, mongolian, mongolianlmc, monogreek, ngerman, n
german-x-2013-05-26, nynorsk, oriya, panjabi, pinyin, polish, portuguese, roman
ian, russian, sanskrit, serbian, slovak, slovenian, spanish, swedish, swissgerm
an, tamil, telugu, turkish, turkmen, ukenglish, ukrainian, uppersorbian, usengl
ishmax, welsh, loaded.
("C:\Program Files (x86)\MiKTeX 2.9\tex\latex\base\article.cls"
Document Class: article 2007/10/19 v1.4h Standard LaTeX document class
("C:\Program Files (x86)\MiKTeX 2.9\tex\latex\base\size12.clo"
File: size12.clo 2007/10/19 v1.4h Standard LaTeX file (size option)
)
\c@part=\count79
\c@section=\count80
\c@subsection=\count81
\c@subsubsection=\count82
\c@paragraph=\count83
\c@subparagraph=\count84
\c@figure=\count85
\c@table=\count86
\abovecaptionskip=\skip41
\belowcaptionskip=\skip42
\bibindent=\dimen102
)
("C:\Program Files (x86)\MiKTeX 2.9\tex\latex\graphics\graphicx.sty"
Package: graphicx 1999/02/16 v1.0f Enhanced LaTeX Graphics (DPC,SPQR)

("C:\Program Files (x86)\MiKTeX 2.9\tex\latex\graphics\keyval.sty"
Package: keyval 1999/03/16 v1.13 key=value parser (DPC)
\KV@toks@=\toks14
)
("C:\Program Files (x86)\MiKTeX 2.9\tex\latex\graphics\graphics.sty"
Package: graphics 2009/02/05 v1.0o Standard LaTeX Graphics (DPC,SPQR)

("C:\Program Files (x86)\MiKTeX 2.9\tex\latex\graphics\trig.sty"
Package: trig 1999/03/16 v1.09 sin cos tan (DPC)
)
("C:\Program Files (x86)\MiKTeX 2.9\tex\latex\00miktex\graphics.cfg"
File: graphics.cfg 2007/01/18 v1.5 graphics configuration of teTeX/TeXLive
)
Package graphics Info: Driver file: pdftex.def on input line 91.

("C:\Program Files (x86)\MiKTeX 2.9\tex\latex\pdftex-def\pdftex.def"
File: pdftex.def 2011/05/27 v0.06d Graphics/color for pdfTeX

("C:\Program Files (x86)\MiKTeX 2.9\tex\generic\oberdiek\infwarerr.sty"
Package: infwarerr 2010/04/08 v1.3 Providing info/warning/error messages (HO)
)
("C:\Program Files (x86)\MiKTeX 2.9\tex\generic\oberdiek\ltxcmds.sty"
Package: ltxcmds 2011/11/09 v1.22 LaTeX kernel commands for general use (HO)
)
\Gread@gobject=\count87
))
\Gin@req@height=\dimen103
\Gin@req@width=\dimen104
)
("C:\Program Files (x86)\MiKTeX 2.9\tex\latex\preprint\fullpage.sty"
Package: fullpage 1999/02/23 1.1 (PWD)
\FP@margin=\skip43
)
("C:\Program Files (x86)\MiKTeX 2.9\tex\latex\amsmath\amsmath.sty"
Package: amsmath 2013/01/14 v2.14 AMS math features
\@mathmargin=\skip44

For additional information on amsmath, use the `?' option.
("C:\Program Files (x86)\MiKTeX 2.9\tex\latex\amsmath\amstext.sty"
Package: amstext 2000/06/29 v2.01

("C:\Program Files (x86)\MiKTeX 2.9\tex\latex\amsmath\amsgen.sty"
File: amsgen.sty 1999/11/30 v2.0
\@emptytoks=\toks15
\ex@=\dimen105
))
("C:\Program Files (x86)\MiKTeX 2.9\tex\latex\amsmath\amsbsy.sty"
Package: amsbsy 1999/11/29 v1.2d
\pmbraise@=\dimen106
)
("C:\Program Files (x86)\MiKTeX 2.9\tex\latex\amsmath\amsopn.sty"
Package: amsopn 1999/12/14 v2.01 operator names
)
\inf@bad=\count88
LaTeX Info: Redefining \frac on input line 210.
\uproot@=\count89
\leftroot@=\count90
LaTeX Info: Redefining \overline on input line 306.
\classnum@=\count91
\DOTSCASE@=\count92
LaTeX Info: Redefining \ldots on input line 378.
LaTeX Info: Redefining \dots on input line 381.
LaTeX Info: Redefining \cdots on input line 466.
\Mathstrutbox@=\box26
\strutbox@=\box27
\big@size=\dimen107
LaTeX Font Info:    Redeclaring font encoding OML on input line 566.
LaTeX Font Info:    Redeclaring font encoding OMS on input line 567.
\macc@depth=\count93
\c@MaxMatrixCols=\count94
\dotsspace@=\muskip10
\c@parentequation=\count95
\dspbrk@lvl=\count96
\tag@help=\toks16
\row@=\count97
\column@=\count98
\maxfields@=\count99
\andhelp@=\toks17
\eqnshift@=\dimen108
\alignsep@=\dimen109
\tagshift@=\dimen110
\tagwidth@=\dimen111
\totwidth@=\dimen112
\lineht@=\dimen113
\@envbody=\toks18
\multlinegap=\skip45
\multlinetaggap=\skip46
\mathdisplay@stack=\toks19
LaTeX Info: Redefining \[ on input line 2665.
LaTeX Info: Redefining \] on input line 2666.
)
("C:\Program Files (x86)\MiKTeX 2.9\tex\latex\tools\enumerate.sty"
Package: enumerate 1999/03/05 v3.00 enumerate extensions (DPC)
\@enLab=\toks20
)
("C:\Program Files (x86)\MiKTeX 2.9\tex\latex\ltxmisc\here.sty")
("C:\Program Files (x86)\MiKTeX 2.9\tex\latex\was\gensymb.sty"
Package: gensymb 2003/07/02 v1.0 (WaS)
)
(C:\Users\Matthew\Documents\Matthew\Stanford\FACET\RadiationCalcsFinal.aux)
LaTeX Font Info:    Checking defaults for OML/cmm/m/it on input line 9.
LaTeX Font Info:    ... okay on input line 9.
LaTeX Font Info:    Checking defaults for T1/cmr/m/n on input line 9.
LaTeX Font Info:    ... okay on input line 9.
LaTeX Font Info:    Checking defaults for OT1/cmr/m/n on input line 9.
LaTeX Font Info:    ... okay on input line 9.
LaTeX Font Info:    Checking defaults for OMS/cmsy/m/n on input line 9.
LaTeX Font Info:    ... okay on input line 9.
LaTeX Font Info:    Checking defaults for OMX/cmex/m/n on input line 9.
LaTeX Font Info:    ... okay on input line 9.
LaTeX Font Info:    Checking defaults for U/cmr/m/n on input line 9.
LaTeX Font Info:    ... okay on input line 9.

("C:\Program Files (x86)\MiKTeX 2.9\tex\context\base\supp-pdf.mkii"
[Loading MPS to PDF converter (version 2006.09.02).]
\scratchcounter=\count100
\scratchdimen=\dimen114
\scratchbox=\box28
\nofMPsegments=\count101
\nofMParguments=\count102
\everyMPshowfont=\toks21
\MPscratchCnt=\count103
\MPscratchDim=\dimen115
\MPnumerator=\count104
\makeMPintoPDFobject=\count105
\everyMPtoPDFconversion=\toks22
)
LaTeX Info: Redefining \celsius on input line 9.
Package gensymb Info: Faking symbols for \degree and \celsius on input line 9.


Package gensymb Warning: Not defining \perthousand.

LaTeX Info: Redefining \ohm on input line 9.
Package gensymb Info: Using \Omega for \ohm on input line 9.

Package gensymb Warning: Not defining \micro.

<dWdomega.PNG, id=1, 715.67375pt x 340.27126pt>
File: dWdomega.PNG Graphic file (type png)
 <use dWdomega.PNG>
Package pdftex.def Info: dWdomega.PNG used on input line 26.
(pdftex.def)             Requested size: 357.836pt x 170.13521pt.
 [1{C:/ProgramData/MiKTeX/2.9/pdftex/config/pdftex.map}

 <C:/Users/Matthew/Documents/Matthew/Stanford/FACET/dWdomega.PNG (PNG copy)>]
<Energy2.PNG, id=14, 710.655pt x 368.37625pt>
File: Energy2.PNG Graphic file (type png)
 <use Energy2.PNG>
Package pdftex.def Info: Energy2.PNG used on input line 49.
(pdftex.def)             Requested size: 355.32663pt x 184.18767pt.

<TransData.PNG, id=15, 392.06474pt x 264.99pt>
File: TransData.PNG Graphic file (type png)
 <use TransData.PNG>
Package pdftex.def Info: TransData.PNG used on input line 70.
(pdftex.def)             Requested size: 196.03189pt x 132.49467pt.
 [2 <C:/Users/Matthew/Documents/Matthew/Stanford/FACET/Energy2.PNG (PNG copy)>]
 [3 <C:/Users/Matthew/Documents/Matthew/Stanford/FACET/TransData.PNG>]
Overfull \hbox (3.61447pt too wide) detected at line 116
[]\OT1/cmr/m/n/12 (\OML/cmm/m/it/12 u[]; u[]; !\OT1/cmr/m/n/12 ) = [][][] [] []
 \OML/cmm/m/it/12 K[] [] e[]dxdy
 []


Overfull \hbox (36.904pt too wide) detected at line 121
[]\OT1/cmr/m/n/12 (\OML/cmm/m/it/12 u[]; !\OT1/cmr/m/n/12 ) = [][][] [][] [] []
 \OML/cmm/m/it/12 K[] [] e[]dxdydu[]
 []


Overfull \hbox (21.00594pt too wide) detected at line 126
[]\OT1/cmr/m/n/12 (\OML/cmm/m/it/12 u[]; !\OT1/cmr/m/n/12 ) = [][][] [] [] [] \
OML/cmm/m/it/12 K[] [] e[]dxdyd[]x
 []

[4] <figures/ODR_ProjY_IntensityX.PNG, id=30, 518.53725pt x 328.8285pt>
File: figures/ODR_ProjY_IntensityX.PNG Graphic file (type png)

<use figures/ODR_ProjY_IntensityX.PNG>
Package pdftex.def Info: figures/ODR_ProjY_IntensityX.PNG used on input line 14
1.
(pdftex.def)             Requested size: 388.90198pt x 246.62077pt.

<figures/ODR_ProjY_Norm_IntensityX.PDF, id=31, 869.2475pt x 504.88625pt>
File: figures/ODR_ProjY_Norm_IntensityX.PDF Graphic file (type pdf)

<use figures/ODR_ProjY_Norm_IntensityX.PDF>
Package pdftex.def Info: figures/ODR_ProjY_Norm_IntensityX.PDF used on input li
ne 142.
(pdftex.def)             Requested size: 434.62268pt x 252.44249pt.

<figures/ODR_ProjX_IntensityY.PDF, id=32, 577.15625pt x 349.305pt>
File: figures/ODR_ProjX_IntensityY.PDF Graphic file (type pdf)

<use figures/ODR_ProjX_IntensityY.PDF>
Package pdftex.def Info: figures/ODR_ProjX_IntensityY.PDF used on input line 14
9.
(pdftex.def)             Requested size: 288.57741pt x 174.65207pt.

<figures/ODR_ProjY_IntensityX_IP.PDF, id=33, 688.5725pt x 380.42125pt>
File: figures/ODR_ProjY_IntensityX_IP.PDF Graphic file (type pdf)

<use figures/ODR_ProjY_IntensityX_IP.PDF>
Package pdftex.def Info: figures/ODR_ProjY_IntensityX_IP.PDF used on input line
 156.
(pdftex.def)             Requested size: 344.2854pt x 190.21014pt.

<figures/ODR_ProjY_Norm_IntensityX_IP.PDF, id=34, 844.15375pt x 505.89pt>
File: figures/ODR_ProjY_Norm_IntensityX_IP.PDF Graphic file (type pdf)

<use figures/ODR_ProjY_Norm_IntensityX_IP.PDF>
Package pdftex.def Info: figures/ODR_ProjY_Norm_IntensityX_IP.PDF used on input
 line 157.
(pdftex.def)             Requested size: 422.07584pt x 252.94437pt.

<figures/ODR_2D_Intensity.PDF, id=35, 616.3025pt x 600.2425pt>
File: figures/ODR_2D_Intensity.PDF Graphic file (type pdf)

<use figures/ODR_2D_Intensity.PDF>
Package pdftex.def Info: figures/ODR_2D_Intensity.PDF used on input line 164.
(pdftex.def)             Requested size: 308.1505pt x 300.12051pt.

<figures/ODR_Norm_IntensityX_125.PDF, id=36, 653.44125pt x 380.42125pt>
File: figures/ODR_Norm_IntensityX_125.PDF Graphic file (type pdf)

<use figures/ODR_Norm_IntensityX_125.PDF>
Package pdftex.def Info: figures/ODR_Norm_IntensityX_125.PDF used on input line
 171.
(pdftex.def)             Requested size: 326.71982pt x 190.21014pt.

<figures/ODR_Norm_IntensityX_500.PDF, id=37, 734.745pt x 431.6125pt>
File: figures/ODR_Norm_IntensityX_500.PDF Graphic file (type pdf)

<use figures/ODR_Norm_IntensityX_500.PDF>
Package pdftex.def Info: figures/ODR_Norm_IntensityX_500.PDF used on input line
 172.
(pdftex.def)             Requested size: 367.3716pt x 215.80571pt.

<figures/ODR_Norm_ProjY_IntensityX_125_zoom.PDF, id=38, 851.18pt x 521.95pt>
File: figures/ODR_Norm_ProjY_IntensityX_125_zoom.PDF Graphic file (type pdf)

<use figures/ODR_Norm_ProjY_IntensityX_125_zoom.PDF>
Package pdftex.def Info: figures/ODR_Norm_ProjY_IntensityX_125_zoom.PDF used on
 input line 179.
(pdftex.def)             Requested size: 425.58894pt x 260.97435pt.

<figures/ODR_Norm_ProjY_IntensityX_500_zoom.PDF, id=39, 828.09375pt x 514.92375
pt>
File: figures/ODR_Norm_ProjY_IntensityX_500_zoom.PDF Graphic file (type pdf)
 <use figures/ODR_Norm_ProjY_IntensityX_500_zoom.PDF>
Package pdftex.def Info: figures/ODR_Norm_ProjY_IntensityX_500_zoom.PDF used on
 input line 180.
(pdftex.def)             Requested size: 414.04587pt x 257.46124pt.

<figures/FWHM.PNG, id=40, 412.54124pt x 218.0145pt>
File: figures/FWHM.PNG Graphic file (type png)
 <use figures/FWHM.PNG>
Package pdftex.def Info: figures/FWHM.PNG used on input line 187.
(pdftex.def)             Requested size: 206.27011pt x 109.00697pt.

<figures/FWHM_125.PNG, id=41, 364.36125pt x 216.81pt>
File: figures/FWHM_125.PNG Graphic file (type png)

<use figures/FWHM_125.PNG>
Package pdftex.def Info: figures/FWHM_125.PNG used on input line 188.
(pdftex.def)             Requested size: 182.18018pt x 108.40472pt.

<figures/FWHM_Table.PNG, id=42, 431.81325pt x 175.857pt>
File: figures/FWHM_Table.PNG Graphic file (type png)

<use figures/FWHM_Table.PNG>
Package pdftex.def Info: figures/FWHM_Table.PNG used on input line 189.
(pdftex.def)             Requested size: 215.90608pt x 87.92828pt.
 [5] [6 <C:/Users/Matthew/Documents/Matthew/Stanford/FACET/figures/ODR_ProjY_In
tensityX.PNG> <C:/Users/Matthew/Documents/Matthew/Stanford/FACET/figures/ODR_Pr
ojY_Norm_IntensityX.PDF>] [7 <C:/Users/Matthew/Documents/Matthew/Stanford/FACET
/figures/ODR_ProjX_IntensityY.PDF>] [8 <C:/Users/Matthew/Documents/Matthew/Stan
ford/FACET/figures/ODR_ProjY_IntensityX_IP.PDF> <C:/Users/Matthew/Documents/Mat
thew/Stanford/FACET/figures/ODR_ProjY_Norm_IntensityX_IP.PDF

pdfTeX warning: pdflatex.EXE (file C:/Users/Matthew/Documents/Matthew/Stanford/
FACET/figures/ODR_ProjY_Norm_IntensityX_IP.PDF): PDF inclusion: multiple pdfs w
ith page group included in a single page
>] [9 <C:/Users/Matthew/Documents/Matthew/Stanford/FACET/figures/ODR_2D_Intensi
ty.PDF>] [10 <C:/Users/Matthew/Documents/Matthew/Stanford/FACET/figures/ODR_Nor
m_IntensityX_125.PDF> <C:/Users/Matthew/Documents/Matthew/Stanford/FACET/figure
s/ODR_Norm_IntensityX_500.PDF

pdfTeX warning: pdflatex.EXE (file C:/Users/Matthew/Documents/Matthew/Stanford/
FACET/figures/ODR_Norm_IntensityX_500.PDF): PDF inclusion: multiple pdfs with p
age group included in a single page
>] [11 <C:/Users/Matthew/Documents/Matthew/Stanford/FACET/figures/ODR_Norm_Proj
Y_IntensityX_125_zoom.PDF> <C:/Users/Matthew/Documents/Matthew/Stanford/FACET/f
igures/ODR_Norm_ProjY_IntensityX_500_zoom.PDF

pdfTeX warning: pdflatex.EXE (file C:/Users/Matthew/Documents/Matthew/Stanford/
FACET/figures/ODR_Norm_ProjY_IntensityX_500_zoom.PDF): PDF inclusion: multiple 
pdfs with page group included in a single page
>] [12 <C:/Users/Matthew/Documents/Matthew/Stanford/FACET/figures/FWHM.PNG> <C:
/Users/Matthew/Documents/Matthew/Stanford/FACET/figures/FWHM_125.PNG> <C:/Users
/Matthew/Documents/Matthew/Stanford/FACET/figures/FWHM_Table.PNG>] [13]
Overfull \hbox (27.47536pt too wide) detected at line 323
\OML/cmm/m/it/12 P[] \OT1/cmr/m/n/12 = 0\OML/cmm/m/it/12 :\OT1/cmr/m/n/12 00015
5\OML/cmm/m/it/12 W; q[] \OT1/cmr/m/n/12 = 26\OML/cmm/m/it/12 :\OT1/cmr/m/n/12 
77\OML/cmm/m/it/12 W=cm[]; P[] \OT1/cmr/m/n/12 = 0\OML/cmm/m/it/12 :\OT1/cmr/m/
n/12 000337\OML/cmm/m/it/12 W; \OT1/cmr/m/n/12 (\OML/cmm/m/it/12 T[] \OMS/cmsy/
m/n/12   \OML/cmm/m/it/12 T[]\OT1/cmr/m/n/12 )[] = 0\OML/cmm/m/it/12 :\OT1/cmr/
m/n/12 00334\OML/cmm/m/it/12 K; \OT1/cmr/m/n/12 \OML/cmm/m/it/12 T[] \OT1/cmr/
m/n/12 = 0\OML/cmm/m/it/12 :\OT1/cmr/m/n/12 0430\OML/cmm/m/it/12 K
 []

[14] [15] <figures/TemperatureTi.PDF, id=195, 624.3325pt x 381.425pt>
File: figures/TemperatureTi.PDF Graphic file (type pdf)

<use figures/TemperatureTi.PDF>
Package pdftex.def Info: figures/TemperatureTi.PDF used on input line 392.
(pdftex.def)             Requested size: 312.16548pt x 190.71202pt.

<figures/TemperatureSi.PDF, id=196, 551.05875pt x 339.2675pt>
File: figures/TemperatureSi.PDF Graphic file (type pdf)

<use figures/TemperatureSi.PDF>
Package pdftex.def Info: figures/TemperatureSi.PDF used on input line 393.
(pdftex.def)             Requested size: 275.52869pt x 169.63333pt.
 [16 <C:/Users/Matthew/Documents/Matthew/Stanford/FACET/figures/TemperatureTi.P
DF> <C:/Users/Matthew/Documents/Matthew/Stanford/FACET/figures/TemperatureSi.PD
F

pdfTeX warning: pdflatex.EXE (file C:/Users/Matthew/Documents/Matthew/Stanford/
FACET/figures/TemperatureSi.PDF): PDF inclusion: multiple pdfs with page group 
included in a single page
>] <figures/PhotonRateTi.PDF, id=227, 544.0325pt x 320.19624pt>
File: figures/PhotonRateTi.PDF Graphic file (type pdf)

<use figures/PhotonRateTi.PDF>
Package pdftex.def Info: figures/PhotonRateTi.PDF used on input line 432.
(pdftex.def)             Requested size: 272.01558pt x 160.09772pt.

<figures/PhotonRateSi.PDF, id=228, 578.16pt x 340.27126pt>
File: figures/PhotonRateSi.PDF Graphic file (type pdf)

<use figures/PhotonRateSi.PDF>
Package pdftex.def Info: figures/PhotonRateSi.PDF used on input line 433.
(pdftex.def)             Requested size: 289.07928pt x 170.13521pt.

<figures/PhotonsTotalTi.PDF, id=229, 658.46pt x 378.41376pt>
File: figures/PhotonsTotalTi.PDF Graphic file (type pdf)

<use figures/PhotonsTotalTi.PDF>
Package pdftex.def Info: figures/PhotonsTotalTi.PDF used on input line 440.
(pdftex.def)             Requested size: 329.2292pt x 189.2064pt.

<figures/PhotonsTotalSi.PDF, id=230, 631.35875pt x 366.36874pt>
File: figures/PhotonsTotalSi.PDF Graphic file (type pdf)

<use figures/PhotonsTotalSi.PDF>
Package pdftex.def Info: figures/PhotonsTotalSi.PDF used on input line 441.
(pdftex.def)             Requested size: 315.6786pt x 183.18391pt.
 [17] [18 <C:/Users/Matthew/Documents/Matthew/Stanford/FACET/figures/PhotonRate
Ti.PDF> <C:/Users/Matthew/Documents/Matthew/Stanford/FACET/figures/PhotonRateSi
.PDF

pdfTeX warning: pdflatex.EXE (file C:/Users/Matthew/Documents/Matthew/Stanford/
FACET/figures/PhotonRateSi.PDF): PDF inclusion: multiple pdfs with page group i
ncluded in a single page
>] [19 <C:/Users/Matthew/Documents/Matthew/Stanford/FACET/figures/PhotonsTotalT
i.PDF> <C:/Users/Matthew/Documents/Matthew/Stanford/FACET/figures/PhotonsTotalS
i.PDF

pdfTeX warning: pdflatex.EXE (file C:/Users/Matthew/Documents/Matthew/Stanford/
FACET/figures/PhotonsTotalSi.PDF): PDF inclusion: multiple pdfs with page group
 included in a single page
>] [20]
(C:\Users\Matthew\Documents\Matthew\Stanford\FACET\RadiationCalcsFinal.aux) ) 
Here is how much of TeX's memory you used:
 1937 strings out of 493921
 26818 string characters out of 3144870
 86084 words of memory out of 3000000
 5216 multiletter control sequences out of 15000+200000
 7656 words of font info for 28 fonts, out of 3000000 for 9000
 841 hyphenation exceptions out of 8191
 27i,6n,20p,1368b,257s stack positions out of 5000i,500n,10000p,200000b,50000s
<C
:/Program Files (x86)/MiKTeX 2.9/fonts/type1/public/amsfonts/cm/cmbx12.pfb><C:/
Program Files (x86)/MiKTeX 2.9/fonts/type1/public/amsfonts/cm/cmex10.pfb><C:/Pr
ogram Files (x86)/MiKTeX 2.9/fonts/type1/public/amsfonts/cmextra/cmex8.pfb><C:/
Program Files (x86)/MiKTeX 2.9/fonts/type1/public/amsfonts/cm/cmmi12.pfb><C:/Pr
ogram Files (x86)/MiKTeX 2.9/fonts/type1/public/amsfonts/cm/cmmi6.pfb><C:/Progr
am Files (x86)/MiKTeX 2.9/fonts/type1/public/amsfonts/cm/cmmi8.pfb><C:/Program 
Files (x86)/MiKTeX 2.9/fonts/type1/public/amsfonts/cm/cmr12.pfb><C:/Program Fil
es (x86)/MiKTeX 2.9/fonts/type1/public/amsfonts/cm/cmr6.pfb><C:/Program Files (
x86)/MiKTeX 2.9/fonts/type1/public/amsfonts/cm/cmr8.pfb><C:/Program Files (x86)
/MiKTeX 2.9/fonts/type1/public/amsfonts/cm/cmsy10.pfb><C:/Program Files (x86)/M
iKTeX 2.9/fonts/type1/public/amsfonts/cm/cmsy6.pfb><C:/Program Files (x86)/MiKT
eX 2.9/fonts/type1/public/amsfonts/cm/cmsy8.pfb>
Output written on RadiationCalcsFinal.pdf (20 pages, 1158715 bytes).
PDF statistics:
 336 PDF objects out of 1000 (max. 8388607)
 0 named destinations out of 1000 (max. 500000)
 111 words of extra memory for PDF output out of 10000 (max. 10000000)

